[2017-12-12 11:28:36] Hornero 4.ERROR: Call to undefined function APP\Admin\Model\preg_march() [] []
[2017-12-12 11:28:54] Hornero 4.ERROR: Call to undefined function preg_march() [] []
[2017-12-12 11:31:26] Hornero 4.ERROR: Call to undefined function preg_march() [] []
[2017-12-12 12:28:47] Hornero 4.ERROR: Exepcion capturadad de base de datos, code error:42000, mensaje:[Microsoft][ODBC Driver 13 for SQL Server][SQL Server]La columna "prueba.apellido" de la cláusula ORDER BY no es válida, porque no está contenida en una función de agregado ni en la cláusula GROUP BY. [] []
[2017-12-12 12:28:47] Hornero 4.ERROR: Exepcion capturadad de base de datos, code error:42000, mensaje:[Microsoft][ODBC Driver 13 for SQL Server][SQL Server]La columna "prueba.apellido" de la cláusula ORDER BY no es válida, porque no está contenida en una función de agregado ni en la cláusula GROUP BY. [] []
[2017-12-12 12:29:46] Hornero 4.ERROR: Exepcion capturadad de base de datos, code error:42000, mensaje:[Microsoft][ODBC Driver 13 for SQL Server][SQL Server]La cláusula ORDER BY no es válida en vistas, funciones insertadas, tablas derivadas, subconsultas ni expresiones de tabla común, salvo que se especifique también TOP o FOR XML. [] []
[2017-12-12 12:29:46] Hornero 4.ERROR: Exepcion capturadad de base de datos, code error:42000, mensaje:[Microsoft][ODBC Driver 13 for SQL Server][SQL Server]La cláusula ORDER BY no es válida en vistas, funciones insertadas, tablas derivadas, subconsultas ni expresiones de tabla común, salvo que se especifique también TOP o FOR XML. [] []
[2017-12-12 12:58:35] Hornero 4.ERROR: Exepcion capturadad de base de datos, code error:42000, mensaje:[Microsoft][ODBC Driver 13 for SQL Server][SQL Server]Sintaxis incorrecta cerca de la palabra clave 'DESC'. [] []
[2017-12-12 12:58:35] Hornero 4.ERROR: Exepcion capturadad de base de datos, code error:42000, mensaje:[Microsoft][ODBC Driver 13 for SQL Server][SQL Server]Sintaxis incorrecta cerca de la palabra clave 'DESC'. [] []
[2017-12-12 12:58:41] Hornero 4.ERROR: Exepcion capturadad de base de datos, code error:42000, mensaje:[Microsoft][ODBC Driver 13 for SQL Server][SQL Server]Sintaxis incorrecta cerca de la palabra clave 'DESC'. [] []
[2017-12-12 12:58:41] Hornero 4.ERROR: Exepcion capturadad de base de datos, code error:42000, mensaje:[Microsoft][ODBC Driver 13 for SQL Server][SQL Server]Sintaxis incorrecta cerca de la palabra clave 'DESC'. [] []
[2017-12-12 12:59:16] Hornero 4.ERROR: Exepcion capturadad de base de datos, code error:42000, mensaje:[Microsoft][ODBC Driver 13 for SQL Server][SQL Server]Sintaxis incorrecta cerca de la palabra clave 'DESC'. [] []
[2017-12-12 12:59:16] Hornero 4.ERROR: Exepcion capturadad de base de datos, code error:42000, mensaje:[Microsoft][ODBC Driver 13 for SQL Server][SQL Server]Sintaxis incorrecta cerca de la palabra clave 'DESC'. [] []
[2017-12-12 12:59:28] Hornero 4.ERROR: Exepcion capturadad de base de datos, code error:42000, mensaje:[Microsoft][ODBC Driver 13 for SQL Server][SQL Server]Sintaxis incorrecta cerca de la palabra clave 'DESC'. [] []
[2017-12-12 12:59:28] Hornero 4.ERROR: Exepcion capturadad de base de datos, code error:42000, mensaje:[Microsoft][ODBC Driver 13 for SQL Server][SQL Server]Sintaxis incorrecta cerca de la palabra clave 'DESC'. [] []
[2017-12-12 13:02:56] Hornero 4.ERROR: Exepción capturada Core: Ruta solicitada no existe, en la aplicacion Admin. [] []
[2017-12-12 13:02:56] Hornero 4.ERROR: Exepción capturada Core: Ruta solicitada no existe, en la aplicacion Admin. [] []
[2017-12-12 13:03:19] Hornero 4.ERROR: Exepción capturada Core: Ruta solicitada no existe, en la aplicacion Admin. [] []
[2017-12-12 13:03:19] Hornero 4.ERROR: Exepción capturada Core: Ruta solicitada no existe, en la aplicacion Admin. [] []
[2017-12-12 13:04:09] Hornero 4.ERROR: Exepción capturada Core: Ruta solicitada no existe, en la aplicacion Admin. [] []
[2017-12-12 13:04:09] Hornero 4.ERROR: Exepción capturada Core: Ruta solicitada no existe, en la aplicacion Admin. [] []
[2017-12-12 13:05:56] Hornero 4.ERROR: Exepción capturada Core: Ruta solicitada no existe, en la aplicacion Admin. [] []
[2017-12-12 13:05:56] Hornero 4.ERROR: Exepción capturada Core: Ruta solicitada no existe, en la aplicacion Admin. [] []
[2017-12-12 13:09:28] Hornero 4.ERROR: Exepción capturada Core: Ruta solicitada no existe, en la aplicacion Admin. [] []
[2017-12-12 13:09:28] Hornero 4.ERROR: Exepción capturada Core: Ruta solicitada no existe, en la aplicacion Admin. [] []
[2017-12-12 13:13:15] Hornero 4.ERROR: Exepcion capturadad de base de datos, code error:42000, mensaje:[Microsoft][ODBC Driver 13 for SQL Server][SQL Server]Sintaxis incorrecta cerca de la palabra clave 'DESC'. [] []
[2017-12-12 13:13:15] Hornero 4.ERROR: Exepcion capturadad de base de datos, code error:42000, mensaje:[Microsoft][ODBC Driver 13 for SQL Server][SQL Server]Sintaxis incorrecta cerca de la palabra clave 'DESC'. [] []
[2017-12-12 14:14:16] Hornero 4.ERROR: Exepción capturada Core: Ruta solicitada no existe, en la aplicacion Admin. [] []
[2017-12-12 14:14:16] Hornero 4.ERROR: Exepción capturada Core: Ruta solicitada no existe, en la aplicacion Admin. [] []
[2017-12-12 17:15:33] Hornero 4.ERROR: Exepcion capturadad de base de datos, code error:42000, mensaje:[Microsoft][ODBC Driver 13 for SQL Server][SQL Server]Sintaxis incorrecta cerca de la palabra clave 'DESC'. [] []
[2017-12-12 17:15:33] Hornero 4.ERROR: Exepcion capturadad de base de datos, code error:42000, mensaje:[Microsoft][ODBC Driver 13 for SQL Server][SQL Server]Sintaxis incorrecta cerca de la palabra clave 'DESC'. [] []
[2017-12-12 17:16:06] Hornero 4.ERROR: Exepcion capturadad de base de datos, code error:42000, mensaje:[Microsoft][ODBC Driver 13 for SQL Server][SQL Server]Sintaxis incorrecta cerca de la palabra clave 'DESC'. [] []
[2017-12-12 17:16:06] Hornero 4.ERROR: Exepcion capturadad de base de datos, code error:42000, mensaje:[Microsoft][ODBC Driver 13 for SQL Server][SQL Server]Sintaxis incorrecta cerca de la palabra clave 'DESC'. [] []
[2017-12-12 17:16:53] Hornero 4.ERROR: Exepcion capturadad de base de datos, code error:42000, mensaje:[Microsoft][ODBC Driver 13 for SQL Server][SQL Server]Sintaxis incorrecta cerca de la palabra clave 'DESC'. [] []
[2017-12-12 17:16:53] Hornero 4.ERROR: Exepcion capturadad de base de datos, code error:42000, mensaje:[Microsoft][ODBC Driver 13 for SQL Server][SQL Server]Sintaxis incorrecta cerca de la palabra clave 'DESC'. [] []
[2017-12-12 17:20:05] Hornero 4.ERROR: Exepcion capturadad de base de datos, code error:42000, mensaje:[Microsoft][ODBC Driver 13 for SQL Server][SQL Server]Sintaxis incorrecta cerca de la palabra clave 'DESC'. [] []
[2017-12-12 17:20:05] Hornero 4.ERROR: Exepcion capturadad de base de datos, code error:42000, mensaje:[Microsoft][ODBC Driver 13 for SQL Server][SQL Server]Sintaxis incorrecta cerca de la palabra clave 'DESC'. [] []
[2017-12-12 17:21:18] Hornero 4.ERROR: Exepcion capturadad de base de datos, code error:42000, mensaje:[Microsoft][ODBC Driver 13 for SQL Server][SQL Server]Sintaxis incorrecta cerca de la palabra clave 'DESC'. [] []
[2017-12-12 17:21:18] Hornero 4.ERROR: Exepcion capturadad de base de datos, code error:42000, mensaje:[Microsoft][ODBC Driver 13 for SQL Server][SQL Server]Sintaxis incorrecta cerca de la palabra clave 'DESC'. [] []
[2017-12-12 17:23:10] Hornero 4.ERROR: Exepcion capturadad de base de datos, code error:42000, mensaje:[Microsoft][ODBC Driver 13 for SQL Server][SQL Server]Sintaxis incorrecta cerca de la palabra clave 'DESC'. [] []
[2017-12-12 17:23:10] Hornero 4.ERROR: Exepcion capturadad de base de datos, code error:42000, mensaje:[Microsoft][ODBC Driver 13 for SQL Server][SQL Server]Sintaxis incorrecta cerca de la palabra clave 'DESC'. [] []
[2017-12-12 21:40:38] Hornero 4.ERROR: Exepción Capturada Error en Conexion:, no se puede conectar al servidor de base de datos revisar los parametros de config [] []
[2017-12-12 21:40:38] Hornero 4.ERROR:  [] []
[2017-12-12 21:40:53] Hornero 4.ERROR: Exepción Capturada Error en Conexion:, no se puede conectar al servidor de base de datos revisar los parametros de config [] []
[2017-12-12 21:40:53] Hornero 4.ERROR:  [] []
[2017-12-12 21:41:08] Hornero 4.ERROR: Exepción Capturada Error en Conexion:, no se puede conectar al servidor de base de datos revisar los parametros de config [] []
[2017-12-12 21:41:08] Hornero 4.ERROR:  [] []
[2017-12-12 21:41:24] Hornero 4.ERROR: Exepción Capturada Error en Conexion:, no se puede conectar al servidor de base de datos revisar los parametros de config [] []
[2017-12-12 21:41:24] Hornero 4.ERROR:  [] []
[2017-12-12 21:41:39] Hornero 4.ERROR: Exepción Capturada Error en Conexion:, no se puede conectar al servidor de base de datos revisar los parametros de config [] []
[2017-12-12 21:41:39] Hornero 4.ERROR:  [] []
[2017-12-12 21:43:14] Hornero 4.ERROR: Exepción Capturada Error en Conexion:, no se puede conectar al servidor de base de datos revisar los parametros de config [] []
[2017-12-12 21:43:14] Hornero 4.ERROR:  [] []
[2017-12-12 21:43:29] Hornero 4.ERROR: Exepción Capturada Error en Conexion:, no se puede conectar al servidor de base de datos revisar los parametros de config [] []
[2017-12-12 21:43:29] Hornero 4.ERROR:  [] []
[2017-12-12 21:56:50] Hornero 4.ERROR: syntax error, unexpected '}' [] []
[2017-12-12 22:39:19] Hornero 4.ERROR: Exepción capturada Core: Ruta solicitada no existe, en la aplicacion Admin. [] []
[2017-12-12 22:39:19] Hornero 4.ERROR: Exepción capturada Core: Ruta solicitada no existe, en la aplicacion Admin. [] []
