[2017-12-13 10:52:10] Hornero 4.ERROR: Exepción capturada Core: Ruta solicitada no existe, en la aplicacion Admin. [] []
[2017-12-13 10:52:10] Hornero 4.ERROR: Exepción capturada Core: Ruta solicitada no existe, en la aplicacion Admin. [] []
[2017-12-13 10:52:12] Hornero 4.ERROR: Exepción capturada Core: Ruta solicitada no existe, en la aplicacion Admin. [] []
[2017-12-13 10:52:12] Hornero 4.ERROR: Exepción capturada Core: Ruta solicitada no existe, en la aplicacion Admin. [] []
[2017-12-13 11:05:35] Hornero 4.ERROR: syntax error, unexpected '$', expecting variable (T_VARIABLE) [] []
[2017-12-13 11:22:10] Hornero 4.ERROR: Call to undefined method APP\Admin\Model\SegUsuariosPerfilModel::executeQuery() [] []
[2017-12-13 11:22:49] Hornero 4.ERROR: Call to undefined method APP\Admin\Model\SegUsuariosPerfilModel::executeQuery() [] []
[2017-12-13 11:22:50] Hornero 4.ERROR: Call to undefined method APP\Admin\Model\SegUsuariosPerfilModel::executeQuery() [] []
[2017-12-13 11:23:40] Hornero 4.ERROR: Call to undefined method APP\Admin\Model\SegUsuariosPerfilModel::executeQuery() [] []
[2017-12-13 11:54:59] Hornero 4.ERROR: Call to undefined method APP\Admin\Model\SegUsuariosPerfilModel::executeQuery() [] []
[2017-12-13 11:55:38] Hornero 4.ERROR: Call to undefined method APP\Admin\Model\SegUsuariosPerfilModel::executeQuery() [] []
[2017-12-13 11:56:34] Hornero 4.ERROR: Call to undefined method APP\Admin\Model\SegUsuariosPerfilModel::executeQuery() [] []
[2017-12-13 12:02:06] Hornero 4.ERROR: Call to undefined method APP\Admin\Model\SegUsuariosPerfilModel::executeQuery() [] []
[2017-12-13 12:05:18] Hornero 4.ERROR: Call to undefined method JPH\Complements\Database\Base::main() [] []
[2017-12-13 12:15:50] Hornero 4.ERROR: Call to undefined method JPH\Complements\Database\Base::main() [] []
[2017-12-13 12:16:58] Hornero 4.ERROR: Call to undefined method JPH\Complements\Database\Base::main() [] []
[2017-12-13 12:24:00] Hornero 4.ERROR: Cannot call constructor [] []
[2017-12-13 12:24:42] Hornero 4.ERROR: Cannot call constructor [] []
[2017-12-13 15:28:10] Hornero 4.ERROR: Using $this when not in object context [] []
[2017-12-13 15:48:57] Hornero 4.ERROR: Using $this when not in object context [] []
[2017-12-13 15:49:53] Hornero 4.ERROR: Using $this when not in object context [] []
[2017-12-13 15:49:54] Hornero 4.ERROR: Using $this when not in object context [] []
[2017-12-13 15:50:24] Hornero 4.ERROR: Using $this when not in object context [] []
[2017-12-13 16:33:48] Hornero 4.ERROR: Cannot instantiate trait JPH\Complements\Database\ConfigDatabase [] []
[2017-12-13 16:35:25] Hornero 4.ERROR: Cannot instantiate trait JPH\Complements\Database\ConfigDatabase [] []
[2017-12-13 16:35:31] Hornero 4.ERROR: Cannot instantiate trait JPH\Complements\Database\ConfigDatabase [] []
[2017-12-13 16:35:52] Hornero 4.ERROR: Exepción capturada Core: Ruta solicitada no existe, en la aplicacion Admin. [] []
[2017-12-13 16:35:52] Hornero 4.ERROR: Exepción capturada Core: Ruta solicitada no existe, en la aplicacion Admin. [] []
[2017-12-13 16:35:52] Hornero 4.ERROR: Exepción capturada Core: Ruta solicitada no existe, en la aplicacion Admin. [] []
[2017-12-13 16:35:52] Hornero 4.ERROR: Exepción capturada Core: Ruta solicitada no existe, en la aplicacion Admin. [] []
[2017-12-13 17:08:35] Hornero 4.ERROR: Class 'JPH\Complements\Database\All' not found [] []
[2017-12-13 18:39:46] Hornero 4.ERROR: Call to undefined method APP\Admin\Model\SegUsuariosPerfilModel::executeQuery() [] []
[2017-12-13 18:40:57] Hornero 4.ERROR: Call to undefined method APP\Admin\Model\SegUsuariosPerfilModel::executeQuery() [] []
[2017-12-13 18:41:24] Hornero 4.ERROR: Call to undefined method APP\Admin\Model\SegUsuariosPerfilModel::executeQuery() [] []
[2017-12-13 18:41:56] Hornero 4.ERROR: Call to undefined method APP\Admin\Model\SegUsuariosPerfilModel::executeQuery() [] []
[2017-12-13 18:41:57] Hornero 4.ERROR: Call to undefined method APP\Admin\Model\SegUsuariosPerfilModel::executeQuery() [] []
[2017-12-13 18:42:38] Hornero 4.ERROR: Call to undefined method APP\Admin\Model\SegUsuariosPerfilModel::executeQuery() [] []
[2017-12-13 18:42:38] Hornero 4.ERROR: Call to undefined method APP\Admin\Model\PruebaModel::executeQuery() [] []
[2017-12-13 18:45:31] Hornero 4.ERROR: Call to undefined method APP\Admin\Model\SegUsuariosPerfilModel::executeQuery() [] []
[2017-12-13 18:45:31] Hornero 4.ERROR: Call to undefined method APP\Admin\Model\PruebaModel::executeQuery() [] []
[2017-12-13 18:49:48] Hornero 4.ERROR: Call to undefined method APP\Admin\Model\SegUsuariosPerfilModel::executeQuery() [] []
[2017-12-13 18:49:58] Hornero 4.ERROR: Call to undefined method APP\Admin\Model\SegUsuariosPerfilModel::free() [] []
[2017-12-13 18:50:14] Hornero 4.ERROR: Call to undefined method APP\Admin\Model\SegUsuariosPerfilModel::executeQuery() [] []
[2017-12-13 18:50:14] Hornero 4.ERROR: Call to undefined method APP\Admin\Model\PruebaModel::executeQuery() [] []
[2017-12-13 18:52:05] Hornero 4.ERROR: Call to undefined method APP\Admin\Model\SegUsuariosPerfilModel::executeQuery() [] []
[2017-12-13 18:52:45] Hornero 4.ERROR: Call to undefined method APP\Admin\Model\PruebaModel::executeQuery() [] []
[2017-12-13 18:52:49] Hornero 4.ERROR: Call to undefined method APP\Admin\Model\PruebaModel::executeQuery() [] []
[2017-12-13 18:53:52] Hornero 4.ERROR: Call to undefined method APP\Admin\Model\SegUsuariosPerfilModel::executeQuery() [] []
[2017-12-13 18:53:55] Hornero 4.ERROR: Undefined class constant 'LOG_CONS' [] []
[2017-12-13 18:53:57] Hornero 4.ERROR: Undefined class constant 'LOG_CONS' [] []
[2017-12-13 18:54:04] Hornero 4.ERROR: Undefined class constant 'LOG_CONS' [] []
[2017-12-13 18:55:59] Hornero 4.ERROR: Call to undefined method APP\Admin\Model\SegUsuariosPerfilModel::executeQuery() [] []
[2017-12-13 18:56:05] Hornero 4.ERROR: Call to a member function execute() on null [] []
[2017-12-13 18:58:28] Hornero 4.ERROR: Call to undefined method APP\Admin\Model\SegUsuariosPerfilModel::executeQuery() [] []
[2017-12-13 18:58:30] Hornero 4.ERROR: Call to a member function execute() on null [] []
[2017-12-13 18:59:18] Hornero 4.ERROR: Call to undefined method APP\Admin\Model\SegUsuariosPerfilModel::executeQuery() [] []
[2017-12-13 19:00:58] Hornero 4.ERROR: Call to undefined method APP\Admin\Model\SegUsuariosPerfilModel::executeQuery() [] []
[2017-12-13 19:19:08] Hornero 4.ERROR: Cannot access empty property [] []
[2017-12-13 19:22:25] Hornero 4.ERROR: Cannot access empty property [] []
[2017-12-13 19:32:11] Hornero 4.ERROR: Cannot access empty property [] []
[2017-12-13 19:44:47] Hornero 4.ERROR: Cannot access empty property [] []
[2017-12-13 19:44:51] Hornero 4.ERROR: Cannot access empty property [] []
[2017-12-13 20:10:00] Hornero 4.ERROR: Undefined class constant 'campos' [] []
[2017-12-13 20:10:10] Hornero 4.ERROR: Cannot access parent:: when current class scope has no parent [] []
[2017-12-13 20:11:58] Hornero 4.ERROR: Cannot access parent:: when current class scope has no parent [] []
[2017-12-13 20:12:04] Hornero 4.ERROR: Access to undeclared static property: JPH\Complements\Database\Base::$this [] []
[2017-12-13 20:18:33] Hornero 4.ERROR: Call to undefined method APP\Admin\Model\PruebaModel::main() [] []
[2017-12-13 20:19:54] Hornero 4.ERROR: Call to undefined method JPH\Complements\Database\Base::main() [] []
[2017-12-13 20:19:55] Hornero 4.ERROR: Call to undefined method JPH\Complements\Database\Base::main() [] []
[2017-12-13 20:19:56] Hornero 4.ERROR: Call to undefined method JPH\Complements\Database\Base::main() [] []
[2017-12-13 20:34:23] Hornero 4.ERROR: Cannot access parent:: when current class scope has no parent [] []
[2017-12-13 20:35:46] Hornero 4.ERROR: Call to undefined method APP\Admin\Model\PruebaModel::executeQuery() [] []
[2017-12-13 20:36:15] Hornero 4.ERROR: Call to undefined method APP\Admin\Model\PruebaModel::executeQuery() [] []
[2017-12-13 20:37:55] Hornero 4.ERROR: Cannot access empty property [] []
[2017-12-13 20:38:03] Hornero 4.ERROR: Cannot access empty property [] []
[2017-12-13 20:38:24] Hornero 4.ERROR: Cannot access empty property [] []
[2017-12-13 20:38:26] Hornero 4.ERROR: Cannot access empty property [] []
[2017-12-13 20:38:28] Hornero 4.ERROR: Cannot access empty property [] []
[2017-12-13 20:38:31] Hornero 4.ERROR: Cannot access empty property [] []
[2017-12-13 20:38:33] Hornero 4.ERROR: Cannot access empty property [] []
[2017-12-13 20:38:40] Hornero 4.ERROR: Cannot access empty property [] []
[2017-12-13 20:43:58] Hornero 4.ERROR: Cannot access empty property [] []
[2017-12-13 20:45:55] Hornero 4.ERROR: Call to undefined method APP\Admin\Model\PruebaModel::run() [] []
[2017-12-13 20:57:44] Hornero 4.ERROR: Cannot access empty property [] []
[2017-12-13 20:57:48] Hornero 4.ERROR: Cannot access empty property [] []
[2017-12-13 21:03:25] Hornero 4.ERROR: Call to a member function executeQuery() on null [] []
[2017-12-13 21:03:28] Hornero 4.ERROR: Cannot access empty property [] []
[2017-12-13 21:04:07] Hornero 4.ERROR: Call to a member function executeQuery() on null [] []
[2017-12-13 21:04:13] Hornero 4.ERROR: Cannot access empty property [] []
[2017-12-13 21:06:27] Hornero 4.ERROR: Call to a member function executeQuery() on null [] []
[2017-12-13 21:06:27] Hornero 4.ERROR: Call to a member function executeQuery() on null [] []
[2017-12-13 21:06:53] Hornero 4.ERROR: Call to undefined method JPH\Complements\Database\Base::run() [] []
[2017-12-13 21:06:54] Hornero 4.ERROR: Call to undefined method JPH\Complements\Database\Base::run() [] []
[2017-12-13 21:07:17] Hornero 4.ERROR: Call to undefined method JPH\Complements\Database\Base::run() [] []
[2017-12-13 21:14:01] Hornero 4.ERROR: Call to undefined method JPH\Complements\Database\Base::run() [] []
[2017-12-13 21:14:26] Hornero 4.ERROR: Call to undefined method JPH\Complements\Database\Base::run() [] []
[2017-12-13 21:14:27] Hornero 4.ERROR: Call to undefined method JPH\Complements\Database\Base::run() [] []
[2017-12-13 21:36:59] Hornero 4.ERROR: Call to undefined method JPH\Complements\Database\Base::run() [] []
[2017-12-13 21:37:52] Hornero 4.ERROR: Call to undefined method JPH\Complements\Database\Base::run() [] []
[2017-12-13 21:39:31] Hornero 4.ERROR: Call to undefined method JPH\Complements\Database\Base::run() [] []
[2017-12-13 21:40:53] Hornero 4.ERROR: Call to a member function executeQuery() on null [] []
[2017-12-13 21:42:58] Hornero 4.ERROR: Undefined class constant 'LOG_MODI' [] []
[2017-12-13 21:43:22] Hornero 4.ERROR: Undefined class constant 'LOG_MODI' [] []
[2017-12-13 21:47:11] Hornero 4.ERROR: Undefined class constant 'LOG_MODI' [] []
[2017-12-13 21:49:09] Hornero 4.ERROR: Undefined class constant 'LOG_MODI' [] []
[2017-12-13 21:51:09] Hornero 4.ERROR: Class 'APP\Admin\Model\All' not found [] []
[2017-12-13 21:53:39] Hornero 4.ERROR: Exepción Capturada Error en Conexion:, no se puede conectar al servidor de base de datos revisar los parametros de config [] []
[2017-12-13 21:53:39] Hornero 4.ERROR:  [] []
[2017-12-13 21:54:40] Hornero 4.ERROR: Exepción Capturada Error en Conexion:, no se puede conectar al servidor de base de datos revisar los parametros de config [] []
[2017-12-13 21:54:40] Hornero 4.ERROR:  [] []
[2017-12-13 21:56:21] Hornero 4.ERROR: Exepción Capturada Error en Conexion:, no se puede conectar al servidor de base de datos revisar los parametros de config [] []
[2017-12-13 21:56:21] Hornero 4.ERROR:  [] []
[2017-12-13 21:59:45] Hornero 4.ERROR: Exepción Capturada Error en Conexion:, no se puede conectar al servidor de base de datos revisar los parametros de config [] []
[2017-12-13 21:59:45] Hornero 4.ERROR:  [] []
[2017-12-13 22:00:11] Hornero 4.ERROR: Exepción Capturada Error en Conexion:, no se puede conectar al servidor de base de datos revisar los parametros de config [] []
[2017-12-13 22:00:11] Hornero 4.ERROR:  [] []
