[2017-12-14 13:00:11] Hornero 4.INFO: SELECT (CASE COUNT(TABLE_NAME) WHEN 1 THEN 'SI' ELSE 'NO' END) AS existe  FROM INFORMATION_SCHEMA.TABLES WHERE TABLE_NAME = 'prueba' [] []
[2017-12-14 13:00:11] Hornero 4.INFO: SELECT apellido,nombre,id FROM prueba WHERE id = '' [] []
[2017-12-14 13:00:11] Hornero 4.INFO: SELECT (CASE COUNT(TABLE_NAME) WHEN 1 THEN 'SI' ELSE 'NO' END) AS existe  FROM INFORMATION_SCHEMA.TABLES WHERE TABLE_NAME = 'seg_log_eventos' [] []
[2017-12-14 13:00:11] Hornero 4.INFO: SELECT host,base_datos,entidad,entidad_id,new_value,old_value,usuario_id,proceso,created_at,id FROM seg_log_eventos WHERE id = '' [] []
[2017-12-14 13:00:11] Hornero 4.INFO: SELECT CASE WHEN COUNT(roles) > 0 THEN 'SI' ELSE 'NO' END AS permiso  FROM view_seguridad WHERE roles IN('ADMIN - PRUEBA - PABLO - CONSULTA','ADMIN - PRUEBA - PABLO - CONTROL TOTAL')  [] []
[2017-12-14 13:00:12] Hornero 4.INFO: SELECT (CASE COUNT(TABLE_NAME) WHEN 1 THEN 'SI' ELSE 'NO' END) AS existe  FROM INFORMATION_SCHEMA.TABLES WHERE TABLE_NAME = 'seg_usuarios' [] []
[2017-12-14 13:00:12] Hornero 4.INFO: SELECT apellidos,nombres,fech_nacimiento,usuario,clave,correo,telefono,created_usuario_id,created_at,cuenta_bloqueada,fvence_clave,ivence_clave,cambiar_clave,login_fallidos,idioma,updated_usuario_id,removed_at,updated_at,nsesion,dactive,id FROM seg_usuarios WHERE id = '' [] []
[2017-12-14 13:00:12] Hornero 4.INFO: SELECT (CASE COUNT(TABLE_NAME) WHEN 1 THEN 'SI' ELSE 'NO' END) AS existe  FROM INFORMATION_SCHEMA.TABLES WHERE TABLE_NAME = 'seg_log_eventos' [] []
[2017-12-14 13:00:12] Hornero 4.INFO: SELECT host,base_datos,entidad,entidad_id,new_value,old_value,usuario_id,proceso,created_at,id FROM seg_log_eventos WHERE id = '' [] []
[2017-12-14 13:00:12] Hornero 4.INFO: SELECT (CASE COUNT(TABLE_NAME) WHEN 1 THEN 'SI' ELSE 'NO' END) AS existe  FROM INFORMATION_SCHEMA.TABLES WHERE TABLE_NAME = 'ho_menu' [] []
[2017-12-14 13:00:12] Hornero 4.INFO: SELECT app,entidad,vista,nombre,icon_fa,targe,ho_menu_id,created_usuario_id,updated_usuario_id,created_at,updated_at,id FROM ho_menu WHERE id = '' [] []
[2017-12-14 13:00:12] Hornero 4.INFO: SELECT (CASE COUNT(TABLE_NAME) WHEN 1 THEN 'SI' ELSE 'NO' END) AS existe  FROM INFORMATION_SCHEMA.TABLES WHERE TABLE_NAME = 'seg_log_eventos' [] []
[2017-12-14 13:00:12] Hornero 4.INFO: SELECT host,base_datos,entidad,entidad_id,new_value,old_value,usuario_id,proceso,created_at,id FROM seg_log_eventos WHERE id = '' [] []
[2017-12-14 13:00:12] Hornero 4.INFO: SELECT (CASE COUNT(TABLE_NAME) WHEN 1 THEN 'SI' ELSE 'NO' END) AS existe  FROM INFORMATION_SCHEMA.TABLES WHERE TABLE_NAME = 'seg_log_eventos' [] []
[2017-12-14 13:00:12] Hornero 4.INFO: SELECT host,base_datos,entidad,entidad_id,new_value,old_value,usuario_id,proceso,created_at,id FROM seg_log_eventos WHERE id = '' [] []
[2017-12-14 13:00:12] Hornero 4.INFO: select * from view_seguridad WHERE perfil_id in(1,2,4) [] []
[2017-12-14 13:00:12] Hornero 4.INFO: select app, entidad, vista, nombre, icon_fa, targe FROM ho_menu WHERE app='ADMIN' AND entidad='EMPLEADOS' AND ho_menu_id is null; [] []
[2017-12-14 13:00:12] Hornero 4.INFO: select app, entidad, vista, nombre, icon_fa, targe FROM ho_menu WHERE app='ADMIN' AND entidad='LEGAJOS' AND ho_menu_id is null; [] []
[2017-12-14 13:00:12] Hornero 4.INFO: select app, entidad, vista, nombre, icon_fa, targe FROM ho_menu WHERE app='ADMIN' AND entidad='TIPO_ESTATUS' AND ho_menu_id is null; [] []
[2017-12-14 13:00:12] Hornero 4.INFO:  select app, entidad, vista, nombre, icon_fa, targe FROM ho_menu WHERE app='ADMIN' AND entidad='TIPO_ESTATUS' AND vista='ESTATUS' [] []
[2017-12-14 13:00:12] Hornero 4.INFO: select app, entidad, vista, nombre, icon_fa, targe FROM ho_menu WHERE app='ADMIN' AND entidad='TIPO_SERVICIO' AND ho_menu_id is null; [] []
[2017-12-14 13:00:12] Hornero 4.INFO:  select app, entidad, vista, nombre, icon_fa, targe FROM ho_menu WHERE app='ADMIN' AND entidad='TIPO_SERVICIO' AND vista='TIPO' [] []
[2017-12-14 13:00:12] Hornero 4.INFO: select app, entidad, vista, nombre, icon_fa, targe FROM ho_menu WHERE app='ADMIN' AND entidad='PRODUCTOS' AND ho_menu_id is null; [] []
[2017-12-14 13:00:12] Hornero 4.INFO:  select app, entidad, vista, nombre, icon_fa, targe FROM ho_menu WHERE app='ADMIN' AND entidad='PRODUCTOS' AND vista='PRODUCTOSS' [] []
[2017-12-14 13:00:12] Hornero 4.INFO: select app, entidad, vista, nombre, icon_fa, targe FROM ho_menu WHERE app='ADMIN' AND entidad='TIPO_ESTATUS' AND ho_menu_id is null; [] []
[2017-12-14 13:00:12] Hornero 4.INFO:  select app, entidad, vista, nombre, icon_fa, targe FROM ho_menu WHERE app='ADMIN' AND entidad='TIPO_ESTATUS' AND vista='UNIDA' [] []
[2017-12-14 13:00:12] Hornero 4.INFO: select app, entidad, vista, nombre, icon_fa, targe FROM ho_menu WHERE app='ADMIN' AND entidad='PRUEBA' AND ho_menu_id is null; [] []
[2017-12-14 13:00:12] Hornero 4.INFO:  select app, entidad, vista, nombre, icon_fa, targe FROM ho_menu WHERE app='ADMIN' AND entidad='PRUEBA' AND vista='PABLO' [] []
[2017-12-14 13:00:12] Hornero 4.INFO: select app, entidad, vista, nombre, icon_fa, targe FROM ho_menu WHERE app='ADMIN' AND entidad='PRUEBA' AND ho_menu_id is null; [] []
[2017-12-14 13:00:12] Hornero 4.INFO:  select app, entidad, vista, nombre, icon_fa, targe FROM ho_menu WHERE app='ADMIN' AND entidad='PRUEBA' AND vista='PPPP' [] []
[2017-12-14 13:00:12] Hornero 4.INFO: select app, entidad, vista, nombre, icon_fa, targe FROM ho_menu WHERE app='ADMIN' AND entidad='PRUEBA' AND ho_menu_id is null; [] []
[2017-12-14 13:00:12] Hornero 4.INFO:  select app, entidad, vista, nombre, icon_fa, targe FROM ho_menu WHERE app='ADMIN' AND entidad='PRUEBA' AND vista='GGGG' [] []
[2017-12-14 13:00:12] Hornero 4.INFO: select app, entidad, vista, nombre, icon_fa, targe FROM ho_menu WHERE app='ADMIN' AND entidad='SOCIOS' AND ho_menu_id is null; [] []
[2017-12-14 13:00:12] Hornero 4.INFO:  select app, entidad, vista, nombre, icon_fa, targe FROM ho_menu WHERE app='ADMIN' AND entidad='SOCIOS' AND vista='SOCIOS' [] []
[2017-12-14 13:00:12] Hornero 4.INFO: SELECT (CASE COUNT(TABLE_NAME) WHEN 1 THEN 'SI' ELSE 'NO' END) AS existe  FROM INFORMATION_SCHEMA.TABLES WHERE TABLE_NAME = 'prueba' [] []
[2017-12-14 13:00:12] Hornero 4.INFO: SELECT apellido,nombre,id FROM prueba WHERE id = '' [] []
[2017-12-14 13:00:12] Hornero 4.INFO: SELECT (CASE COUNT(TABLE_NAME) WHEN 1 THEN 'SI' ELSE 'NO' END) AS existe  FROM INFORMATION_SCHEMA.TABLES WHERE TABLE_NAME = 'seg_log_eventos' [] []
[2017-12-14 13:00:12] Hornero 4.INFO: SELECT host,base_datos,entidad,entidad_id,new_value,old_value,usuario_id,proceso,created_at,id FROM seg_log_eventos WHERE id = '' [] []
[2017-12-14 13:00:12] Hornero 4.INFO: SELECT CASE WHEN COUNT(roles) > 0 THEN 'SI' ELSE 'NO' END AS permiso  FROM view_seguridad WHERE roles IN('ADMIN - PRUEBA - PABLO - CONSULTA','ADMIN - PRUEBA - PABLO - CONTROL TOTAL')  [] []
[2017-12-14 13:00:13] Hornero 4.INFO: Select count(*) as items FROM prueba WHERE 0=0  [] []
[2017-12-14 13:00:13] Hornero 4.INFO: SELECT * FROM (SELECT ROW_NUMBER() OVER( ORDER BY id  ) AS row, 9697000 AS cnt, apellido,nombre, id FROM prueba WHERE 0=0  ) AS sub [] []
[2017-12-14 13:00:13] Hornero 4.INFO: SELECT * FROM (SELECT ROW_NUMBER() OVER( ORDER BY id  ) AS row, 9697000 AS cnt, apellido,nombre, id FROM prueba WHERE 0=0  ) AS sub WHERE row>=0 AND row<=100 [] []
[2017-12-14 14:32:17] Hornero 4.INFO: SELECT (CASE COUNT(TABLE_NAME) WHEN 1 THEN 'SI' ELSE 'NO' END) AS existe  FROM INFORMATION_SCHEMA.TABLES WHERE TABLE_NAME = 'prueba' [] []
[2017-12-14 14:32:17] Hornero 4.INFO: SELECT apellido,nombre,id FROM prueba WHERE id = '' [] []
[2017-12-14 14:32:17] Hornero 4.INFO: SELECT (CASE COUNT(TABLE_NAME) WHEN 1 THEN 'SI' ELSE 'NO' END) AS existe  FROM INFORMATION_SCHEMA.TABLES WHERE TABLE_NAME = 'seg_log_eventos' [] []
[2017-12-14 14:32:17] Hornero 4.INFO: SELECT host,base_datos,entidad,entidad_id,new_value,old_value,usuario_id,proceso,created_at,id FROM seg_log_eventos WHERE id = '' [] []
[2017-12-14 14:32:17] Hornero 4.INFO: SELECT CASE WHEN COUNT(roles) > 0 THEN 'SI' ELSE 'NO' END AS permiso  FROM view_seguridad WHERE roles IN('ADMIN - PRUEBA - PABLO - CONSULTA','ADMIN - PRUEBA - PABLO - CONTROL TOTAL')  [] []
[2017-12-14 14:32:18] Hornero 4.INFO: SELECT (CASE COUNT(TABLE_NAME) WHEN 1 THEN 'SI' ELSE 'NO' END) AS existe  FROM INFORMATION_SCHEMA.TABLES WHERE TABLE_NAME = 'seg_usuarios' [] []
[2017-12-14 14:32:18] Hornero 4.INFO: SELECT apellidos,nombres,fech_nacimiento,usuario,clave,correo,telefono,created_usuario_id,created_at,cuenta_bloqueada,fvence_clave,ivence_clave,cambiar_clave,login_fallidos,idioma,updated_usuario_id,removed_at,updated_at,nsesion,dactive,id FROM seg_usuarios WHERE id = '' [] []
[2017-12-14 14:32:18] Hornero 4.INFO: SELECT (CASE COUNT(TABLE_NAME) WHEN 1 THEN 'SI' ELSE 'NO' END) AS existe  FROM INFORMATION_SCHEMA.TABLES WHERE TABLE_NAME = 'seg_log_eventos' [] []
[2017-12-14 14:32:18] Hornero 4.INFO: SELECT host,base_datos,entidad,entidad_id,new_value,old_value,usuario_id,proceso,created_at,id FROM seg_log_eventos WHERE id = '' [] []
[2017-12-14 14:32:18] Hornero 4.INFO: SELECT (CASE COUNT(TABLE_NAME) WHEN 1 THEN 'SI' ELSE 'NO' END) AS existe  FROM INFORMATION_SCHEMA.TABLES WHERE TABLE_NAME = 'ho_menu' [] []
[2017-12-14 14:32:18] Hornero 4.INFO: SELECT app,entidad,vista,nombre,icon_fa,targe,ho_menu_id,created_usuario_id,updated_usuario_id,created_at,updated_at,id FROM ho_menu WHERE id = '' [] []
[2017-12-14 14:32:18] Hornero 4.INFO: SELECT (CASE COUNT(TABLE_NAME) WHEN 1 THEN 'SI' ELSE 'NO' END) AS existe  FROM INFORMATION_SCHEMA.TABLES WHERE TABLE_NAME = 'seg_log_eventos' [] []
[2017-12-14 14:32:18] Hornero 4.INFO: SELECT host,base_datos,entidad,entidad_id,new_value,old_value,usuario_id,proceso,created_at,id FROM seg_log_eventos WHERE id = '' [] []
[2017-12-14 14:32:18] Hornero 4.INFO: SELECT (CASE COUNT(TABLE_NAME) WHEN 1 THEN 'SI' ELSE 'NO' END) AS existe  FROM INFORMATION_SCHEMA.TABLES WHERE TABLE_NAME = 'seg_log_eventos' [] []
[2017-12-14 14:32:18] Hornero 4.INFO: SELECT host,base_datos,entidad,entidad_id,new_value,old_value,usuario_id,proceso,created_at,id FROM seg_log_eventos WHERE id = '' [] []
[2017-12-14 14:32:18] Hornero 4.INFO: select * from view_seguridad WHERE perfil_id in(1,2,4) [] []
[2017-12-14 14:32:18] Hornero 4.INFO: select app, entidad, vista, nombre, icon_fa, targe FROM ho_menu WHERE app='ADMIN' AND entidad='EMPLEADOS' AND ho_menu_id is null; [] []
[2017-12-14 14:32:18] Hornero 4.INFO: select app, entidad, vista, nombre, icon_fa, targe FROM ho_menu WHERE app='ADMIN' AND entidad='LEGAJOS' AND ho_menu_id is null; [] []
[2017-12-14 14:32:18] Hornero 4.INFO: select app, entidad, vista, nombre, icon_fa, targe FROM ho_menu WHERE app='ADMIN' AND entidad='TIPO_ESTATUS' AND ho_menu_id is null; [] []
[2017-12-14 14:32:18] Hornero 4.INFO:  select app, entidad, vista, nombre, icon_fa, targe FROM ho_menu WHERE app='ADMIN' AND entidad='TIPO_ESTATUS' AND vista='ESTATUS' [] []
[2017-12-14 14:32:18] Hornero 4.INFO: select app, entidad, vista, nombre, icon_fa, targe FROM ho_menu WHERE app='ADMIN' AND entidad='TIPO_SERVICIO' AND ho_menu_id is null; [] []
[2017-12-14 14:32:18] Hornero 4.INFO:  select app, entidad, vista, nombre, icon_fa, targe FROM ho_menu WHERE app='ADMIN' AND entidad='TIPO_SERVICIO' AND vista='TIPO' [] []
[2017-12-14 14:32:18] Hornero 4.INFO: select app, entidad, vista, nombre, icon_fa, targe FROM ho_menu WHERE app='ADMIN' AND entidad='PRODUCTOS' AND ho_menu_id is null; [] []
[2017-12-14 14:32:18] Hornero 4.INFO:  select app, entidad, vista, nombre, icon_fa, targe FROM ho_menu WHERE app='ADMIN' AND entidad='PRODUCTOS' AND vista='PRODUCTOSS' [] []
[2017-12-14 14:32:18] Hornero 4.INFO: select app, entidad, vista, nombre, icon_fa, targe FROM ho_menu WHERE app='ADMIN' AND entidad='TIPO_ESTATUS' AND ho_menu_id is null; [] []
[2017-12-14 14:32:18] Hornero 4.INFO:  select app, entidad, vista, nombre, icon_fa, targe FROM ho_menu WHERE app='ADMIN' AND entidad='TIPO_ESTATUS' AND vista='UNIDA' [] []
[2017-12-14 14:32:18] Hornero 4.INFO: select app, entidad, vista, nombre, icon_fa, targe FROM ho_menu WHERE app='ADMIN' AND entidad='PRUEBA' AND ho_menu_id is null; [] []
[2017-12-14 14:32:18] Hornero 4.INFO:  select app, entidad, vista, nombre, icon_fa, targe FROM ho_menu WHERE app='ADMIN' AND entidad='PRUEBA' AND vista='PABLO' [] []
[2017-12-14 14:32:18] Hornero 4.INFO: select app, entidad, vista, nombre, icon_fa, targe FROM ho_menu WHERE app='ADMIN' AND entidad='PRUEBA' AND ho_menu_id is null; [] []
[2017-12-14 14:32:18] Hornero 4.INFO:  select app, entidad, vista, nombre, icon_fa, targe FROM ho_menu WHERE app='ADMIN' AND entidad='PRUEBA' AND vista='PPPP' [] []
[2017-12-14 14:32:18] Hornero 4.INFO: select app, entidad, vista, nombre, icon_fa, targe FROM ho_menu WHERE app='ADMIN' AND entidad='PRUEBA' AND ho_menu_id is null; [] []
[2017-12-14 14:32:18] Hornero 4.INFO:  select app, entidad, vista, nombre, icon_fa, targe FROM ho_menu WHERE app='ADMIN' AND entidad='PRUEBA' AND vista='GGGG' [] []
[2017-12-14 14:32:18] Hornero 4.INFO: select app, entidad, vista, nombre, icon_fa, targe FROM ho_menu WHERE app='ADMIN' AND entidad='SOCIOS' AND ho_menu_id is null; [] []
[2017-12-14 14:32:18] Hornero 4.INFO:  select app, entidad, vista, nombre, icon_fa, targe FROM ho_menu WHERE app='ADMIN' AND entidad='SOCIOS' AND vista='SOCIOS' [] []
[2017-12-14 14:32:18] Hornero 4.INFO: SELECT (CASE COUNT(TABLE_NAME) WHEN 1 THEN 'SI' ELSE 'NO' END) AS existe  FROM INFORMATION_SCHEMA.TABLES WHERE TABLE_NAME = 'prueba' [] []
[2017-12-14 14:32:18] Hornero 4.INFO: SELECT apellido,nombre,id FROM prueba WHERE id = '' [] []
[2017-12-14 14:32:18] Hornero 4.INFO: SELECT (CASE COUNT(TABLE_NAME) WHEN 1 THEN 'SI' ELSE 'NO' END) AS existe  FROM INFORMATION_SCHEMA.TABLES WHERE TABLE_NAME = 'seg_log_eventos' [] []
[2017-12-14 14:32:18] Hornero 4.INFO: SELECT host,base_datos,entidad,entidad_id,new_value,old_value,usuario_id,proceso,created_at,id FROM seg_log_eventos WHERE id = '' [] []
[2017-12-14 14:32:18] Hornero 4.INFO: SELECT CASE WHEN COUNT(roles) > 0 THEN 'SI' ELSE 'NO' END AS permiso  FROM view_seguridad WHERE roles IN('ADMIN - PRUEBA - PABLO - CONSULTA','ADMIN - PRUEBA - PABLO - CONTROL TOTAL')  [] []
[2017-12-14 14:38:44] Hornero 4.INFO: SELECT (CASE COUNT(TABLE_NAME) WHEN 1 THEN 'SI' ELSE 'NO' END) AS existe  FROM INFORMATION_SCHEMA.TABLES WHERE TABLE_NAME = 'prueba' [] []
[2017-12-14 14:38:44] Hornero 4.INFO: SELECT apellido,nombre,id FROM prueba WHERE id = '' [] []
[2017-12-14 14:38:44] Hornero 4.INFO: SELECT (CASE COUNT(TABLE_NAME) WHEN 1 THEN 'SI' ELSE 'NO' END) AS existe  FROM INFORMATION_SCHEMA.TABLES WHERE TABLE_NAME = 'seg_log_eventos' [] []
[2017-12-14 14:38:44] Hornero 4.INFO: SELECT host,base_datos,entidad,entidad_id,new_value,old_value,usuario_id,proceso,created_at,id FROM seg_log_eventos WHERE id = '' [] []
[2017-12-14 14:38:44] Hornero 4.INFO: SELECT CASE WHEN COUNT(roles) > 0 THEN 'SI' ELSE 'NO' END AS permiso  FROM view_seguridad WHERE roles IN('ADMIN - PRUEBA - PABLO - CONSULTA','ADMIN - PRUEBA - PABLO - CONTROL TOTAL')  [] []
[2017-12-14 14:39:15] Hornero 4.INFO: SELECT (CASE COUNT(TABLE_NAME) WHEN 1 THEN 'SI' ELSE 'NO' END) AS existe  FROM INFORMATION_SCHEMA.TABLES WHERE TABLE_NAME = 'prueba' [] []
[2017-12-14 14:39:15] Hornero 4.INFO: SELECT apellido,nombre,id FROM prueba WHERE id = '' [] []
[2017-12-14 14:39:15] Hornero 4.INFO: SELECT (CASE COUNT(TABLE_NAME) WHEN 1 THEN 'SI' ELSE 'NO' END) AS existe  FROM INFORMATION_SCHEMA.TABLES WHERE TABLE_NAME = 'seg_log_eventos' [] []
[2017-12-14 14:39:15] Hornero 4.INFO: SELECT host,base_datos,entidad,entidad_id,new_value,old_value,usuario_id,proceso,created_at,id FROM seg_log_eventos WHERE id = '' [] []
[2017-12-14 14:39:15] Hornero 4.INFO: SELECT CASE WHEN COUNT(roles) > 0 THEN 'SI' ELSE 'NO' END AS permiso  FROM view_seguridad WHERE roles IN('ADMIN - PRUEBA - PABLO - CONSULTA','ADMIN - PRUEBA - PABLO - CONTROL TOTAL')  [] []
[2017-12-14 14:41:00] Hornero 4.INFO: SELECT (CASE COUNT(TABLE_NAME) WHEN 1 THEN 'SI' ELSE 'NO' END) AS existe  FROM INFORMATION_SCHEMA.TABLES WHERE TABLE_NAME = 'prueba' [] []
[2017-12-14 14:41:00] Hornero 4.INFO: SELECT apellido,nombre,id FROM prueba WHERE id = '' [] []
[2017-12-14 14:41:00] Hornero 4.INFO: SELECT (CASE COUNT(TABLE_NAME) WHEN 1 THEN 'SI' ELSE 'NO' END) AS existe  FROM INFORMATION_SCHEMA.TABLES WHERE TABLE_NAME = 'seg_log_eventos' [] []
[2017-12-14 14:41:00] Hornero 4.INFO: SELECT host,base_datos,entidad,entidad_id,new_value,old_value,usuario_id,proceso,created_at,id FROM seg_log_eventos WHERE id = '' [] []
[2017-12-14 14:41:00] Hornero 4.INFO: SELECT CASE WHEN COUNT(roles) > 0 THEN 'SI' ELSE 'NO' END AS permiso  FROM view_seguridad WHERE roles IN('ADMIN - PRUEBA - PABLO - CONSULTA','ADMIN - PRUEBA - PABLO - CONTROL TOTAL')  [] []
[2017-12-14 14:41:00] Hornero 4.INFO: Select count(*) as items FROM prueba WHERE 0=0  [] []
[2017-12-14 14:41:00] Hornero 4.INFO: SELECT * FROM (SELECT ROW_NUMBER() OVER( ORDER BY id  ) AS row, 9697000 AS cnt, , id FROM prueba WHERE 0=0  ) AS sub [] []
[2017-12-14 14:41:25] Hornero 4.INFO: SELECT (CASE COUNT(TABLE_NAME) WHEN 1 THEN 'SI' ELSE 'NO' END) AS existe  FROM INFORMATION_SCHEMA.TABLES WHERE TABLE_NAME = 'prueba' [] []
[2017-12-14 14:41:25] Hornero 4.INFO: SELECT apellido,nombre,id FROM prueba WHERE id = '' [] []
[2017-12-14 14:41:25] Hornero 4.INFO: SELECT (CASE COUNT(TABLE_NAME) WHEN 1 THEN 'SI' ELSE 'NO' END) AS existe  FROM INFORMATION_SCHEMA.TABLES WHERE TABLE_NAME = 'seg_log_eventos' [] []
[2017-12-14 14:41:25] Hornero 4.INFO: SELECT host,base_datos,entidad,entidad_id,new_value,old_value,usuario_id,proceso,created_at,id FROM seg_log_eventos WHERE id = '' [] []
[2017-12-14 14:41:25] Hornero 4.INFO: SELECT CASE WHEN COUNT(roles) > 0 THEN 'SI' ELSE 'NO' END AS permiso  FROM view_seguridad WHERE roles IN('ADMIN - PRUEBA - PABLO - CONSULTA','ADMIN - PRUEBA - PABLO - CONTROL TOTAL')  [] []
[2017-12-14 14:41:59] Hornero 4.INFO: SELECT (CASE COUNT(TABLE_NAME) WHEN 1 THEN 'SI' ELSE 'NO' END) AS existe  FROM INFORMATION_SCHEMA.TABLES WHERE TABLE_NAME = 'prueba' [] []
[2017-12-14 14:41:59] Hornero 4.INFO: SELECT apellido,nombre,id FROM prueba WHERE id = '' [] []
[2017-12-14 14:41:59] Hornero 4.INFO: SELECT (CASE COUNT(TABLE_NAME) WHEN 1 THEN 'SI' ELSE 'NO' END) AS existe  FROM INFORMATION_SCHEMA.TABLES WHERE TABLE_NAME = 'seg_log_eventos' [] []
[2017-12-14 14:41:59] Hornero 4.INFO: SELECT host,base_datos,entidad,entidad_id,new_value,old_value,usuario_id,proceso,created_at,id FROM seg_log_eventos WHERE id = '' [] []
[2017-12-14 14:41:59] Hornero 4.INFO: SELECT CASE WHEN COUNT(roles) > 0 THEN 'SI' ELSE 'NO' END AS permiso  FROM view_seguridad WHERE roles IN('ADMIN - PRUEBA - PABLO - CONSULTA','ADMIN - PRUEBA - PABLO - CONTROL TOTAL')  [] []
[2017-12-14 14:42:21] Hornero 4.INFO: SELECT (CASE COUNT(TABLE_NAME) WHEN 1 THEN 'SI' ELSE 'NO' END) AS existe  FROM INFORMATION_SCHEMA.TABLES WHERE TABLE_NAME = 'prueba' [] []
[2017-12-14 14:42:21] Hornero 4.INFO: SELECT apellido,nombre,id FROM prueba WHERE id = '' [] []
[2017-12-14 14:42:21] Hornero 4.INFO: SELECT (CASE COUNT(TABLE_NAME) WHEN 1 THEN 'SI' ELSE 'NO' END) AS existe  FROM INFORMATION_SCHEMA.TABLES WHERE TABLE_NAME = 'seg_log_eventos' [] []
[2017-12-14 14:42:21] Hornero 4.INFO: SELECT host,base_datos,entidad,entidad_id,new_value,old_value,usuario_id,proceso,created_at,id FROM seg_log_eventos WHERE id = '' [] []
[2017-12-14 14:42:21] Hornero 4.INFO: SELECT CASE WHEN COUNT(roles) > 0 THEN 'SI' ELSE 'NO' END AS permiso  FROM view_seguridad WHERE roles IN('ADMIN - PRUEBA - PABLO - CONSULTA','ADMIN - PRUEBA - PABLO - CONTROL TOTAL')  [] []
[2017-12-14 14:42:42] Hornero 4.INFO: SELECT (CASE COUNT(TABLE_NAME) WHEN 1 THEN 'SI' ELSE 'NO' END) AS existe  FROM INFORMATION_SCHEMA.TABLES WHERE TABLE_NAME = 'prueba' [] []
[2017-12-14 14:42:42] Hornero 4.INFO: SELECT apellido,nombre,id FROM prueba WHERE id = '' [] []
[2017-12-14 14:42:42] Hornero 4.INFO: SELECT (CASE COUNT(TABLE_NAME) WHEN 1 THEN 'SI' ELSE 'NO' END) AS existe  FROM INFORMATION_SCHEMA.TABLES WHERE TABLE_NAME = 'seg_log_eventos' [] []
[2017-12-14 14:42:42] Hornero 4.INFO: SELECT host,base_datos,entidad,entidad_id,new_value,old_value,usuario_id,proceso,created_at,id FROM seg_log_eventos WHERE id = '' [] []
[2017-12-14 14:42:42] Hornero 4.INFO: SELECT CASE WHEN COUNT(roles) > 0 THEN 'SI' ELSE 'NO' END AS permiso  FROM view_seguridad WHERE roles IN('ADMIN - PRUEBA - PABLO - CONSULTA','ADMIN - PRUEBA - PABLO - CONTROL TOTAL')  [] []
[2017-12-14 14:43:01] Hornero 4.INFO: SELECT (CASE COUNT(TABLE_NAME) WHEN 1 THEN 'SI' ELSE 'NO' END) AS existe  FROM INFORMATION_SCHEMA.TABLES WHERE TABLE_NAME = 'prueba' [] []
[2017-12-14 14:43:01] Hornero 4.INFO: SELECT apellido,nombre,id FROM prueba WHERE id = '' [] []
[2017-12-14 14:43:01] Hornero 4.INFO: SELECT (CASE COUNT(TABLE_NAME) WHEN 1 THEN 'SI' ELSE 'NO' END) AS existe  FROM INFORMATION_SCHEMA.TABLES WHERE TABLE_NAME = 'seg_log_eventos' [] []
[2017-12-14 14:43:01] Hornero 4.INFO: SELECT host,base_datos,entidad,entidad_id,new_value,old_value,usuario_id,proceso,created_at,id FROM seg_log_eventos WHERE id = '' [] []
[2017-12-14 14:43:01] Hornero 4.INFO: SELECT CASE WHEN COUNT(roles) > 0 THEN 'SI' ELSE 'NO' END AS permiso  FROM view_seguridad WHERE roles IN('ADMIN - PRUEBA - PABLO - CONSULTA','ADMIN - PRUEBA - PABLO - CONTROL TOTAL')  [] []
[2017-12-14 14:43:14] Hornero 4.INFO: SELECT (CASE COUNT(TABLE_NAME) WHEN 1 THEN 'SI' ELSE 'NO' END) AS existe  FROM INFORMATION_SCHEMA.TABLES WHERE TABLE_NAME = 'prueba' [] []
[2017-12-14 14:43:14] Hornero 4.INFO: SELECT apellido,nombre,id FROM prueba WHERE id = '' [] []
[2017-12-14 14:43:14] Hornero 4.INFO: SELECT (CASE COUNT(TABLE_NAME) WHEN 1 THEN 'SI' ELSE 'NO' END) AS existe  FROM INFORMATION_SCHEMA.TABLES WHERE TABLE_NAME = 'seg_log_eventos' [] []
[2017-12-14 14:43:14] Hornero 4.INFO: SELECT host,base_datos,entidad,entidad_id,new_value,old_value,usuario_id,proceso,created_at,id FROM seg_log_eventos WHERE id = '' [] []
[2017-12-14 14:43:14] Hornero 4.INFO: SELECT CASE WHEN COUNT(roles) > 0 THEN 'SI' ELSE 'NO' END AS permiso  FROM view_seguridad WHERE roles IN('ADMIN - PRUEBA - PABLO - CONSULTA','ADMIN - PRUEBA - PABLO - CONTROL TOTAL')  [] []
[2017-12-14 14:43:46] Hornero 4.INFO: SELECT (CASE COUNT(TABLE_NAME) WHEN 1 THEN 'SI' ELSE 'NO' END) AS existe  FROM INFORMATION_SCHEMA.TABLES WHERE TABLE_NAME = 'prueba' [] []
[2017-12-14 14:43:46] Hornero 4.INFO: SELECT apellido,nombre,id FROM prueba WHERE id = '' [] []
[2017-12-14 14:43:46] Hornero 4.INFO: SELECT (CASE COUNT(TABLE_NAME) WHEN 1 THEN 'SI' ELSE 'NO' END) AS existe  FROM INFORMATION_SCHEMA.TABLES WHERE TABLE_NAME = 'seg_log_eventos' [] []
[2017-12-14 14:43:46] Hornero 4.INFO: SELECT host,base_datos,entidad,entidad_id,new_value,old_value,usuario_id,proceso,created_at,id FROM seg_log_eventos WHERE id = '' [] []
[2017-12-14 14:43:46] Hornero 4.INFO: SELECT CASE WHEN COUNT(roles) > 0 THEN 'SI' ELSE 'NO' END AS permiso  FROM view_seguridad WHERE roles IN('ADMIN - PRUEBA - PABLO - CONSULTA','ADMIN - PRUEBA - PABLO - CONTROL TOTAL')  [] []
[2017-12-14 14:44:10] Hornero 4.INFO: SELECT (CASE COUNT(TABLE_NAME) WHEN 1 THEN 'SI' ELSE 'NO' END) AS existe  FROM INFORMATION_SCHEMA.TABLES WHERE TABLE_NAME = 'prueba' [] []
[2017-12-14 14:44:10] Hornero 4.INFO: SELECT apellido,nombre,id FROM prueba WHERE id = '' [] []
[2017-12-14 14:44:10] Hornero 4.INFO: SELECT (CASE COUNT(TABLE_NAME) WHEN 1 THEN 'SI' ELSE 'NO' END) AS existe  FROM INFORMATION_SCHEMA.TABLES WHERE TABLE_NAME = 'seg_log_eventos' [] []
[2017-12-14 14:44:10] Hornero 4.INFO: SELECT host,base_datos,entidad,entidad_id,new_value,old_value,usuario_id,proceso,created_at,id FROM seg_log_eventos WHERE id = '' [] []
[2017-12-14 14:44:10] Hornero 4.INFO: SELECT CASE WHEN COUNT(roles) > 0 THEN 'SI' ELSE 'NO' END AS permiso  FROM view_seguridad WHERE roles IN('ADMIN - PRUEBA - PABLO - CONSULTA','ADMIN - PRUEBA - PABLO - CONTROL TOTAL')  [] []
[2017-12-14 14:45:32] Hornero 4.INFO: SELECT (CASE COUNT(TABLE_NAME) WHEN 1 THEN 'SI' ELSE 'NO' END) AS existe  FROM INFORMATION_SCHEMA.TABLES WHERE TABLE_NAME = 'prueba' [] []
[2017-12-14 14:45:32] Hornero 4.INFO: SELECT apellido,nombre,id FROM prueba WHERE id = '' [] []
[2017-12-14 14:45:32] Hornero 4.INFO: SELECT (CASE COUNT(TABLE_NAME) WHEN 1 THEN 'SI' ELSE 'NO' END) AS existe  FROM INFORMATION_SCHEMA.TABLES WHERE TABLE_NAME = 'seg_log_eventos' [] []
[2017-12-14 14:45:32] Hornero 4.INFO: SELECT host,base_datos,entidad,entidad_id,new_value,old_value,usuario_id,proceso,created_at,id FROM seg_log_eventos WHERE id = '' [] []
[2017-12-14 14:45:32] Hornero 4.INFO: SELECT CASE WHEN COUNT(roles) > 0 THEN 'SI' ELSE 'NO' END AS permiso  FROM view_seguridad WHERE roles IN('ADMIN - PRUEBA - PABLO - CONSULTA','ADMIN - PRUEBA - PABLO - CONTROL TOTAL')  [] []
[2017-12-14 14:45:32] Hornero 4.INFO: Select count(*) as items FROM prueba WHERE 0=0  [] []
[2017-12-14 14:45:32] Hornero 4.INFO: SELECT * FROM (SELECT ROW_NUMBER() OVER( ORDER BY id  ) AS row, 9697000 AS cnt, , id FROM prueba WHERE 0=0  ) AS sub [] []
[2017-12-14 14:45:47] Hornero 4.INFO: SELECT (CASE COUNT(TABLE_NAME) WHEN 1 THEN 'SI' ELSE 'NO' END) AS existe  FROM INFORMATION_SCHEMA.TABLES WHERE TABLE_NAME = 'prueba' [] []
[2017-12-14 14:45:47] Hornero 4.INFO: SELECT apellido,nombre,id FROM prueba WHERE id = '' [] []
[2017-12-14 14:45:47] Hornero 4.INFO: SELECT (CASE COUNT(TABLE_NAME) WHEN 1 THEN 'SI' ELSE 'NO' END) AS existe  FROM INFORMATION_SCHEMA.TABLES WHERE TABLE_NAME = 'seg_log_eventos' [] []
[2017-12-14 14:45:47] Hornero 4.INFO: SELECT host,base_datos,entidad,entidad_id,new_value,old_value,usuario_id,proceso,created_at,id FROM seg_log_eventos WHERE id = '' [] []
[2017-12-14 14:45:47] Hornero 4.INFO: SELECT CASE WHEN COUNT(roles) > 0 THEN 'SI' ELSE 'NO' END AS permiso  FROM view_seguridad WHERE roles IN('ADMIN - PRUEBA - PABLO - CONSULTA','ADMIN - PRUEBA - PABLO - CONTROL TOTAL')  [] []
[2017-12-14 15:00:43] Hornero 4.INFO: SELECT (CASE COUNT(TABLE_NAME) WHEN 1 THEN 'SI' ELSE 'NO' END) AS existe  FROM INFORMATION_SCHEMA.TABLES WHERE TABLE_NAME = 'prueba' [] []
[2017-12-14 15:00:43] Hornero 4.INFO: SELECT apellido,nombre,id FROM prueba WHERE id = '' [] []
[2017-12-14 15:00:43] Hornero 4.INFO: SELECT (CASE COUNT(TABLE_NAME) WHEN 1 THEN 'SI' ELSE 'NO' END) AS existe  FROM INFORMATION_SCHEMA.TABLES WHERE TABLE_NAME = 'seg_log_eventos' [] []
[2017-12-14 15:00:43] Hornero 4.INFO: SELECT host,base_datos,entidad,entidad_id,new_value,old_value,usuario_id,proceso,created_at,id FROM seg_log_eventos WHERE id = '' [] []
[2017-12-14 15:00:43] Hornero 4.INFO: SELECT CASE WHEN COUNT(roles) > 0 THEN 'SI' ELSE 'NO' END AS permiso  FROM view_seguridad WHERE roles IN('ADMIN - PRUEBA - PABLO - CONSULTA','ADMIN - PRUEBA - PABLO - CONTROL TOTAL')  [] []
[2017-12-14 15:43:54] Hornero 4.INFO: SELECT (CASE COUNT(TABLE_NAME) WHEN 1 THEN 'SI' ELSE 'NO' END) AS existe  FROM INFORMATION_SCHEMA.TABLES WHERE TABLE_NAME = 'prueba' [] []
[2017-12-14 15:43:54] Hornero 4.INFO: SELECT apellido,nombre,id FROM prueba WHERE id = '' [] []
[2017-12-14 15:43:54] Hornero 4.INFO: SELECT (CASE COUNT(TABLE_NAME) WHEN 1 THEN 'SI' ELSE 'NO' END) AS existe  FROM INFORMATION_SCHEMA.TABLES WHERE TABLE_NAME = 'seg_log_eventos' [] []
[2017-12-14 15:43:54] Hornero 4.INFO: SELECT host,base_datos,entidad,entidad_id,new_value,old_value,usuario_id,proceso,created_at,id FROM seg_log_eventos WHERE id = '' [] []
[2017-12-14 15:43:54] Hornero 4.INFO: SELECT CASE WHEN COUNT(roles) > 0 THEN 'SI' ELSE 'NO' END AS permiso  FROM view_seguridad WHERE roles IN('ADMIN - PRUEBA - PABLO - CONSULTA','ADMIN - PRUEBA - PABLO - CONTROL TOTAL')  [] []
[2017-12-14 15:44:20] Hornero 4.INFO: SELECT (CASE COUNT(TABLE_NAME) WHEN 1 THEN 'SI' ELSE 'NO' END) AS existe  FROM INFORMATION_SCHEMA.TABLES WHERE TABLE_NAME = 'prueba' [] []
[2017-12-14 15:44:20] Hornero 4.INFO: SELECT apellido,nombre,id FROM prueba WHERE id = '' [] []
[2017-12-14 15:44:20] Hornero 4.INFO: SELECT (CASE COUNT(TABLE_NAME) WHEN 1 THEN 'SI' ELSE 'NO' END) AS existe  FROM INFORMATION_SCHEMA.TABLES WHERE TABLE_NAME = 'seg_log_eventos' [] []
[2017-12-14 15:44:20] Hornero 4.INFO: SELECT host,base_datos,entidad,entidad_id,new_value,old_value,usuario_id,proceso,created_at,id FROM seg_log_eventos WHERE id = '' [] []
[2017-12-14 15:44:20] Hornero 4.INFO: SELECT CASE WHEN COUNT(roles) > 0 THEN 'SI' ELSE 'NO' END AS permiso  FROM view_seguridad WHERE roles IN('ADMIN - PRUEBA - PABLO - CONSULTA','ADMIN - PRUEBA - PABLO - CONTROL TOTAL')  [] []
[2017-12-14 15:44:47] Hornero 4.INFO: SELECT (CASE COUNT(TABLE_NAME) WHEN 1 THEN 'SI' ELSE 'NO' END) AS existe  FROM INFORMATION_SCHEMA.TABLES WHERE TABLE_NAME = 'prueba' [] []
[2017-12-14 15:44:47] Hornero 4.INFO: SELECT apellido,nombre,id FROM prueba WHERE id = '' [] []
[2017-12-14 15:44:47] Hornero 4.INFO: SELECT (CASE COUNT(TABLE_NAME) WHEN 1 THEN 'SI' ELSE 'NO' END) AS existe  FROM INFORMATION_SCHEMA.TABLES WHERE TABLE_NAME = 'seg_log_eventos' [] []
[2017-12-14 15:44:47] Hornero 4.INFO: SELECT host,base_datos,entidad,entidad_id,new_value,old_value,usuario_id,proceso,created_at,id FROM seg_log_eventos WHERE id = '' [] []
[2017-12-14 15:44:47] Hornero 4.INFO: SELECT CASE WHEN COUNT(roles) > 0 THEN 'SI' ELSE 'NO' END AS permiso  FROM view_seguridad WHERE roles IN('ADMIN - PRUEBA - PABLO - CONSULTA','ADMIN - PRUEBA - PABLO - CONTROL TOTAL')  [] []
[2017-12-14 15:45:04] Hornero 4.INFO: SELECT (CASE COUNT(TABLE_NAME) WHEN 1 THEN 'SI' ELSE 'NO' END) AS existe  FROM INFORMATION_SCHEMA.TABLES WHERE TABLE_NAME = 'prueba' [] []
[2017-12-14 15:45:04] Hornero 4.INFO: SELECT apellido,nombre,id FROM prueba WHERE id = '' [] []
[2017-12-14 15:45:04] Hornero 4.INFO: SELECT (CASE COUNT(TABLE_NAME) WHEN 1 THEN 'SI' ELSE 'NO' END) AS existe  FROM INFORMATION_SCHEMA.TABLES WHERE TABLE_NAME = 'seg_log_eventos' [] []
[2017-12-14 15:45:04] Hornero 4.INFO: SELECT host,base_datos,entidad,entidad_id,new_value,old_value,usuario_id,proceso,created_at,id FROM seg_log_eventos WHERE id = '' [] []
[2017-12-14 15:45:04] Hornero 4.INFO: SELECT CASE WHEN COUNT(roles) > 0 THEN 'SI' ELSE 'NO' END AS permiso  FROM view_seguridad WHERE roles IN('ADMIN - PRUEBA - PABLO - CONSULTA','ADMIN - PRUEBA - PABLO - CONTROL TOTAL')  [] []
[2017-12-14 15:45:19] Hornero 4.INFO: SELECT (CASE COUNT(TABLE_NAME) WHEN 1 THEN 'SI' ELSE 'NO' END) AS existe  FROM INFORMATION_SCHEMA.TABLES WHERE TABLE_NAME = 'prueba' [] []
[2017-12-14 15:45:19] Hornero 4.INFO: SELECT apellido,nombre,id FROM prueba WHERE id = '' [] []
[2017-12-14 15:45:19] Hornero 4.INFO: SELECT (CASE COUNT(TABLE_NAME) WHEN 1 THEN 'SI' ELSE 'NO' END) AS existe  FROM INFORMATION_SCHEMA.TABLES WHERE TABLE_NAME = 'seg_log_eventos' [] []
[2017-12-14 15:45:19] Hornero 4.INFO: SELECT host,base_datos,entidad,entidad_id,new_value,old_value,usuario_id,proceso,created_at,id FROM seg_log_eventos WHERE id = '' [] []
[2017-12-14 15:45:19] Hornero 4.INFO: SELECT CASE WHEN COUNT(roles) > 0 THEN 'SI' ELSE 'NO' END AS permiso  FROM view_seguridad WHERE roles IN('ADMIN - PRUEBA - PABLO - CONSULTA','ADMIN - PRUEBA - PABLO - CONTROL TOTAL')  [] []
[2017-12-14 15:45:48] Hornero 4.INFO: SELECT (CASE COUNT(TABLE_NAME) WHEN 1 THEN 'SI' ELSE 'NO' END) AS existe  FROM INFORMATION_SCHEMA.TABLES WHERE TABLE_NAME = 'prueba' [] []
[2017-12-14 15:45:48] Hornero 4.INFO: SELECT apellido,nombre,id FROM prueba WHERE id = '' [] []
[2017-12-14 15:45:48] Hornero 4.INFO: SELECT (CASE COUNT(TABLE_NAME) WHEN 1 THEN 'SI' ELSE 'NO' END) AS existe  FROM INFORMATION_SCHEMA.TABLES WHERE TABLE_NAME = 'seg_log_eventos' [] []
[2017-12-14 15:45:48] Hornero 4.INFO: SELECT host,base_datos,entidad,entidad_id,new_value,old_value,usuario_id,proceso,created_at,id FROM seg_log_eventos WHERE id = '' [] []
[2017-12-14 15:45:48] Hornero 4.INFO: SELECT CASE WHEN COUNT(roles) > 0 THEN 'SI' ELSE 'NO' END AS permiso  FROM view_seguridad WHERE roles IN('ADMIN - PRUEBA - PABLO - CONSULTA','ADMIN - PRUEBA - PABLO - CONTROL TOTAL')  [] []
[2017-12-14 15:45:56] Hornero 4.INFO: SELECT (CASE COUNT(TABLE_NAME) WHEN 1 THEN 'SI' ELSE 'NO' END) AS existe  FROM INFORMATION_SCHEMA.TABLES WHERE TABLE_NAME = 'prueba' [] []
[2017-12-14 15:45:56] Hornero 4.INFO: SELECT apellido,nombre,id FROM prueba WHERE id = '' [] []
[2017-12-14 15:45:56] Hornero 4.INFO: SELECT (CASE COUNT(TABLE_NAME) WHEN 1 THEN 'SI' ELSE 'NO' END) AS existe  FROM INFORMATION_SCHEMA.TABLES WHERE TABLE_NAME = 'seg_log_eventos' [] []
[2017-12-14 15:45:56] Hornero 4.INFO: SELECT host,base_datos,entidad,entidad_id,new_value,old_value,usuario_id,proceso,created_at,id FROM seg_log_eventos WHERE id = '' [] []
[2017-12-14 15:45:56] Hornero 4.INFO: SELECT CASE WHEN COUNT(roles) > 0 THEN 'SI' ELSE 'NO' END AS permiso  FROM view_seguridad WHERE roles IN('ADMIN - PRUEBA - PABLO - CONSULTA','ADMIN - PRUEBA - PABLO - CONTROL TOTAL')  [] []
[2017-12-14 15:49:30] Hornero 4.INFO: SELECT (CASE COUNT(TABLE_NAME) WHEN 1 THEN 'SI' ELSE 'NO' END) AS existe  FROM INFORMATION_SCHEMA.TABLES WHERE TABLE_NAME = 'prueba' [] []
[2017-12-14 15:49:30] Hornero 4.INFO: SELECT apellido,nombre,id FROM prueba WHERE id = '' [] []
[2017-12-14 15:49:30] Hornero 4.INFO: SELECT (CASE COUNT(TABLE_NAME) WHEN 1 THEN 'SI' ELSE 'NO' END) AS existe  FROM INFORMATION_SCHEMA.TABLES WHERE TABLE_NAME = 'seg_log_eventos' [] []
[2017-12-14 15:49:30] Hornero 4.INFO: SELECT host,base_datos,entidad,entidad_id,new_value,old_value,usuario_id,proceso,created_at,id FROM seg_log_eventos WHERE id = '' [] []
[2017-12-14 15:49:31] Hornero 4.INFO: SELECT CASE WHEN COUNT(roles) > 0 THEN 'SI' ELSE 'NO' END AS permiso  FROM view_seguridad WHERE roles IN('ADMIN - PRUEBA - PABLO - CONSULTA','ADMIN - PRUEBA - PABLO - CONTROL TOTAL')  [] []
[2017-12-14 15:50:40] Hornero 4.INFO: SELECT (CASE COUNT(TABLE_NAME) WHEN 1 THEN 'SI' ELSE 'NO' END) AS existe  FROM INFORMATION_SCHEMA.TABLES WHERE TABLE_NAME = 'prueba' [] []
[2017-12-14 15:50:40] Hornero 4.INFO: SELECT apellido,nombre,id FROM prueba WHERE id = '' [] []
[2017-12-14 15:50:40] Hornero 4.INFO: SELECT (CASE COUNT(TABLE_NAME) WHEN 1 THEN 'SI' ELSE 'NO' END) AS existe  FROM INFORMATION_SCHEMA.TABLES WHERE TABLE_NAME = 'seg_log_eventos' [] []
[2017-12-14 15:50:40] Hornero 4.INFO: SELECT host,base_datos,entidad,entidad_id,new_value,old_value,usuario_id,proceso,created_at,id FROM seg_log_eventos WHERE id = '' [] []
[2017-12-14 15:50:40] Hornero 4.INFO: SELECT CASE WHEN COUNT(roles) > 0 THEN 'SI' ELSE 'NO' END AS permiso  FROM view_seguridad WHERE roles IN('ADMIN - PRUEBA - PABLO - CONSULTA','ADMIN - PRUEBA - PABLO - CONTROL TOTAL')  [] []
[2017-12-14 15:51:12] Hornero 4.INFO: SELECT (CASE COUNT(TABLE_NAME) WHEN 1 THEN 'SI' ELSE 'NO' END) AS existe  FROM INFORMATION_SCHEMA.TABLES WHERE TABLE_NAME = 'prueba' [] []
[2017-12-14 15:51:12] Hornero 4.INFO: SELECT apellido,nombre,id FROM prueba WHERE id = '' [] []
[2017-12-14 15:51:12] Hornero 4.INFO: SELECT (CASE COUNT(TABLE_NAME) WHEN 1 THEN 'SI' ELSE 'NO' END) AS existe  FROM INFORMATION_SCHEMA.TABLES WHERE TABLE_NAME = 'seg_log_eventos' [] []
[2017-12-14 15:51:12] Hornero 4.INFO: SELECT host,base_datos,entidad,entidad_id,new_value,old_value,usuario_id,proceso,created_at,id FROM seg_log_eventos WHERE id = '' [] []
[2017-12-14 15:51:12] Hornero 4.INFO: SELECT CASE WHEN COUNT(roles) > 0 THEN 'SI' ELSE 'NO' END AS permiso  FROM view_seguridad WHERE roles IN('ADMIN - PRUEBA - PABLO - CONSULTA','ADMIN - PRUEBA - PABLO - CONTROL TOTAL')  [] []
[2017-12-14 15:51:30] Hornero 4.INFO: SELECT (CASE COUNT(TABLE_NAME) WHEN 1 THEN 'SI' ELSE 'NO' END) AS existe  FROM INFORMATION_SCHEMA.TABLES WHERE TABLE_NAME = 'prueba' [] []
[2017-12-14 15:51:30] Hornero 4.INFO: SELECT apellido,nombre,id FROM prueba WHERE id = '' [] []
[2017-12-14 15:51:30] Hornero 4.INFO: SELECT (CASE COUNT(TABLE_NAME) WHEN 1 THEN 'SI' ELSE 'NO' END) AS existe  FROM INFORMATION_SCHEMA.TABLES WHERE TABLE_NAME = 'seg_log_eventos' [] []
[2017-12-14 15:51:30] Hornero 4.INFO: SELECT host,base_datos,entidad,entidad_id,new_value,old_value,usuario_id,proceso,created_at,id FROM seg_log_eventos WHERE id = '' [] []
[2017-12-14 15:51:30] Hornero 4.INFO: SELECT CASE WHEN COUNT(roles) > 0 THEN 'SI' ELSE 'NO' END AS permiso  FROM view_seguridad WHERE roles IN('ADMIN - PRUEBA - PABLO - CONSULTA','ADMIN - PRUEBA - PABLO - CONTROL TOTAL')  [] []
[2017-12-14 15:51:42] Hornero 4.INFO: SELECT (CASE COUNT(TABLE_NAME) WHEN 1 THEN 'SI' ELSE 'NO' END) AS existe  FROM INFORMATION_SCHEMA.TABLES WHERE TABLE_NAME = 'prueba' [] []
[2017-12-14 15:51:42] Hornero 4.INFO: SELECT apellido,nombre,id FROM prueba WHERE id = '' [] []
[2017-12-14 15:51:42] Hornero 4.INFO: SELECT (CASE COUNT(TABLE_NAME) WHEN 1 THEN 'SI' ELSE 'NO' END) AS existe  FROM INFORMATION_SCHEMA.TABLES WHERE TABLE_NAME = 'seg_log_eventos' [] []
[2017-12-14 15:51:42] Hornero 4.INFO: SELECT host,base_datos,entidad,entidad_id,new_value,old_value,usuario_id,proceso,created_at,id FROM seg_log_eventos WHERE id = '' [] []
[2017-12-14 15:51:42] Hornero 4.INFO: SELECT CASE WHEN COUNT(roles) > 0 THEN 'SI' ELSE 'NO' END AS permiso  FROM view_seguridad WHERE roles IN('ADMIN - PRUEBA - PABLO - CONSULTA','ADMIN - PRUEBA - PABLO - CONTROL TOTAL')  [] []
[2017-12-14 15:51:57] Hornero 4.INFO: SELECT (CASE COUNT(TABLE_NAME) WHEN 1 THEN 'SI' ELSE 'NO' END) AS existe  FROM INFORMATION_SCHEMA.TABLES WHERE TABLE_NAME = 'prueba' [] []
[2017-12-14 15:51:57] Hornero 4.INFO: SELECT apellido,nombre,id FROM prueba WHERE id = '' [] []
[2017-12-14 15:51:57] Hornero 4.INFO: SELECT (CASE COUNT(TABLE_NAME) WHEN 1 THEN 'SI' ELSE 'NO' END) AS existe  FROM INFORMATION_SCHEMA.TABLES WHERE TABLE_NAME = 'seg_log_eventos' [] []
[2017-12-14 15:51:57] Hornero 4.INFO: SELECT host,base_datos,entidad,entidad_id,new_value,old_value,usuario_id,proceso,created_at,id FROM seg_log_eventos WHERE id = '' [] []
[2017-12-14 15:51:57] Hornero 4.INFO: SELECT CASE WHEN COUNT(roles) > 0 THEN 'SI' ELSE 'NO' END AS permiso  FROM view_seguridad WHERE roles IN('ADMIN - PRUEBA - PABLO - CONSULTA','ADMIN - PRUEBA - PABLO - CONTROL TOTAL')  [] []
[2017-12-14 16:12:54] Hornero 4.INFO: SELECT (CASE COUNT(TABLE_NAME) WHEN 1 THEN 'SI' ELSE 'NO' END) AS existe  FROM INFORMATION_SCHEMA.TABLES WHERE TABLE_NAME = 'prueba' [] []
[2017-12-14 16:12:54] Hornero 4.INFO: SELECT apellido,nombre,id FROM prueba WHERE id = '' [] []
[2017-12-14 16:12:54] Hornero 4.INFO: SELECT (CASE COUNT(TABLE_NAME) WHEN 1 THEN 'SI' ELSE 'NO' END) AS existe  FROM INFORMATION_SCHEMA.TABLES WHERE TABLE_NAME = 'seg_log_eventos' [] []
[2017-12-14 16:12:54] Hornero 4.INFO: SELECT host,base_datos,entidad,entidad_id,new_value,old_value,usuario_id,proceso,created_at,id FROM seg_log_eventos WHERE id = '' [] []
[2017-12-14 16:12:54] Hornero 4.INFO: SELECT CASE WHEN COUNT(roles) > 0 THEN 'SI' ELSE 'NO' END AS permiso  FROM view_seguridad WHERE roles IN('ADMIN - PRUEBA - PABLO - CONSULTA','ADMIN - PRUEBA - PABLO - CONTROL TOTAL')  [] []
[2017-12-14 16:14:24] Hornero 4.INFO: SELECT (CASE COUNT(TABLE_NAME) WHEN 1 THEN 'SI' ELSE 'NO' END) AS existe  FROM INFORMATION_SCHEMA.TABLES WHERE TABLE_NAME = 'prueba' [] []
[2017-12-14 16:14:24] Hornero 4.INFO: SELECT apellido,nombre,id FROM prueba WHERE id = '' [] []
[2017-12-14 16:14:24] Hornero 4.INFO: SELECT (CASE COUNT(TABLE_NAME) WHEN 1 THEN 'SI' ELSE 'NO' END) AS existe  FROM INFORMATION_SCHEMA.TABLES WHERE TABLE_NAME = 'seg_log_eventos' [] []
[2017-12-14 16:14:24] Hornero 4.INFO: SELECT host,base_datos,entidad,entidad_id,new_value,old_value,usuario_id,proceso,created_at,id FROM seg_log_eventos WHERE id = '' [] []
[2017-12-14 16:14:24] Hornero 4.INFO: SELECT CASE WHEN COUNT(roles) > 0 THEN 'SI' ELSE 'NO' END AS permiso  FROM view_seguridad WHERE roles IN('ADMIN - PRUEBA - PABLO - CONSULTA','ADMIN - PRUEBA - PABLO - CONTROL TOTAL')  [] []
[2017-12-14 16:14:44] Hornero 4.INFO: SELECT (CASE COUNT(TABLE_NAME) WHEN 1 THEN 'SI' ELSE 'NO' END) AS existe  FROM INFORMATION_SCHEMA.TABLES WHERE TABLE_NAME = 'prueba' [] []
[2017-12-14 16:14:44] Hornero 4.INFO: SELECT apellido,nombre,id FROM prueba WHERE id = '' [] []
[2017-12-14 16:14:44] Hornero 4.INFO: SELECT (CASE COUNT(TABLE_NAME) WHEN 1 THEN 'SI' ELSE 'NO' END) AS existe  FROM INFORMATION_SCHEMA.TABLES WHERE TABLE_NAME = 'seg_log_eventos' [] []
[2017-12-14 16:14:44] Hornero 4.INFO: SELECT host,base_datos,entidad,entidad_id,new_value,old_value,usuario_id,proceso,created_at,id FROM seg_log_eventos WHERE id = '' [] []
[2017-12-14 16:14:44] Hornero 4.INFO: SELECT CASE WHEN COUNT(roles) > 0 THEN 'SI' ELSE 'NO' END AS permiso  FROM view_seguridad WHERE roles IN('ADMIN - PRUEBA - PABLO - CONSULTA','ADMIN - PRUEBA - PABLO - CONTROL TOTAL')  [] []
[2017-12-14 16:15:28] Hornero 4.INFO: SELECT (CASE COUNT(TABLE_NAME) WHEN 1 THEN 'SI' ELSE 'NO' END) AS existe  FROM INFORMATION_SCHEMA.TABLES WHERE TABLE_NAME = 'prueba' [] []
[2017-12-14 16:15:28] Hornero 4.INFO: SELECT apellido,nombre,id FROM prueba WHERE id = '' [] []
[2017-12-14 16:15:28] Hornero 4.INFO: SELECT (CASE COUNT(TABLE_NAME) WHEN 1 THEN 'SI' ELSE 'NO' END) AS existe  FROM INFORMATION_SCHEMA.TABLES WHERE TABLE_NAME = 'seg_log_eventos' [] []
[2017-12-14 16:15:28] Hornero 4.INFO: SELECT host,base_datos,entidad,entidad_id,new_value,old_value,usuario_id,proceso,created_at,id FROM seg_log_eventos WHERE id = '' [] []
[2017-12-14 16:15:28] Hornero 4.INFO: SELECT CASE WHEN COUNT(roles) > 0 THEN 'SI' ELSE 'NO' END AS permiso  FROM view_seguridad WHERE roles IN('ADMIN - PRUEBA - PABLO - CONSULTA','ADMIN - PRUEBA - PABLO - CONTROL TOTAL')  [] []
[2017-12-14 16:15:29] Hornero 4.INFO: SELECT (CASE COUNT(TABLE_NAME) WHEN 1 THEN 'SI' ELSE 'NO' END) AS existe  FROM INFORMATION_SCHEMA.TABLES WHERE TABLE_NAME = 'seg_usuarios' [] []
[2017-12-14 16:15:29] Hornero 4.INFO: SELECT apellidos,nombres,fech_nacimiento,usuario,clave,correo,telefono,created_usuario_id,created_at,cuenta_bloqueada,fvence_clave,ivence_clave,cambiar_clave,login_fallidos,idioma,updated_usuario_id,removed_at,updated_at,nsesion,dactive,id FROM seg_usuarios WHERE id = '' [] []
[2017-12-14 16:15:29] Hornero 4.INFO: SELECT (CASE COUNT(TABLE_NAME) WHEN 1 THEN 'SI' ELSE 'NO' END) AS existe  FROM INFORMATION_SCHEMA.TABLES WHERE TABLE_NAME = 'seg_log_eventos' [] []
[2017-12-14 16:15:29] Hornero 4.INFO: SELECT host,base_datos,entidad,entidad_id,new_value,old_value,usuario_id,proceso,created_at,id FROM seg_log_eventos WHERE id = '' [] []
[2017-12-14 16:15:29] Hornero 4.INFO: SELECT (CASE COUNT(TABLE_NAME) WHEN 1 THEN 'SI' ELSE 'NO' END) AS existe  FROM INFORMATION_SCHEMA.TABLES WHERE TABLE_NAME = 'ho_menu' [] []
[2017-12-14 16:15:29] Hornero 4.INFO: SELECT app,entidad,vista,nombre,icon_fa,targe,ho_menu_id,created_usuario_id,updated_usuario_id,created_at,updated_at,id FROM ho_menu WHERE id = '' [] []
[2017-12-14 16:15:29] Hornero 4.INFO: SELECT (CASE COUNT(TABLE_NAME) WHEN 1 THEN 'SI' ELSE 'NO' END) AS existe  FROM INFORMATION_SCHEMA.TABLES WHERE TABLE_NAME = 'seg_log_eventos' [] []
[2017-12-14 16:15:29] Hornero 4.INFO: SELECT host,base_datos,entidad,entidad_id,new_value,old_value,usuario_id,proceso,created_at,id FROM seg_log_eventos WHERE id = '' [] []
[2017-12-14 16:15:29] Hornero 4.INFO: SELECT (CASE COUNT(TABLE_NAME) WHEN 1 THEN 'SI' ELSE 'NO' END) AS existe  FROM INFORMATION_SCHEMA.TABLES WHERE TABLE_NAME = 'seg_log_eventos' [] []
[2017-12-14 16:15:29] Hornero 4.INFO: SELECT host,base_datos,entidad,entidad_id,new_value,old_value,usuario_id,proceso,created_at,id FROM seg_log_eventos WHERE id = '' [] []
[2017-12-14 16:15:29] Hornero 4.INFO: select * from view_seguridad WHERE perfil_id in(1,2,4) [] []
[2017-12-14 16:15:29] Hornero 4.INFO: select app, entidad, vista, nombre, icon_fa, targe FROM ho_menu WHERE app='ADMIN' AND entidad='EMPLEADOS' AND ho_menu_id is null; [] []
[2017-12-14 16:15:29] Hornero 4.INFO: select app, entidad, vista, nombre, icon_fa, targe FROM ho_menu WHERE app='ADMIN' AND entidad='LEGAJOS' AND ho_menu_id is null; [] []
[2017-12-14 16:15:29] Hornero 4.INFO: select app, entidad, vista, nombre, icon_fa, targe FROM ho_menu WHERE app='ADMIN' AND entidad='TIPO_ESTATUS' AND ho_menu_id is null; [] []
[2017-12-14 16:15:29] Hornero 4.INFO:  select app, entidad, vista, nombre, icon_fa, targe FROM ho_menu WHERE app='ADMIN' AND entidad='TIPO_ESTATUS' AND vista='ESTATUS' [] []
[2017-12-14 16:15:29] Hornero 4.INFO: select app, entidad, vista, nombre, icon_fa, targe FROM ho_menu WHERE app='ADMIN' AND entidad='TIPO_SERVICIO' AND ho_menu_id is null; [] []
[2017-12-14 16:15:29] Hornero 4.INFO:  select app, entidad, vista, nombre, icon_fa, targe FROM ho_menu WHERE app='ADMIN' AND entidad='TIPO_SERVICIO' AND vista='TIPO' [] []
[2017-12-14 16:15:29] Hornero 4.INFO: select app, entidad, vista, nombre, icon_fa, targe FROM ho_menu WHERE app='ADMIN' AND entidad='PRODUCTOS' AND ho_menu_id is null; [] []
[2017-12-14 16:15:29] Hornero 4.INFO:  select app, entidad, vista, nombre, icon_fa, targe FROM ho_menu WHERE app='ADMIN' AND entidad='PRODUCTOS' AND vista='PRODUCTOSS' [] []
[2017-12-14 16:15:29] Hornero 4.INFO: select app, entidad, vista, nombre, icon_fa, targe FROM ho_menu WHERE app='ADMIN' AND entidad='TIPO_ESTATUS' AND ho_menu_id is null; [] []
[2017-12-14 16:15:29] Hornero 4.INFO:  select app, entidad, vista, nombre, icon_fa, targe FROM ho_menu WHERE app='ADMIN' AND entidad='TIPO_ESTATUS' AND vista='UNIDA' [] []
[2017-12-14 16:15:29] Hornero 4.INFO: select app, entidad, vista, nombre, icon_fa, targe FROM ho_menu WHERE app='ADMIN' AND entidad='PRUEBA' AND ho_menu_id is null; [] []
[2017-12-14 16:15:29] Hornero 4.INFO:  select app, entidad, vista, nombre, icon_fa, targe FROM ho_menu WHERE app='ADMIN' AND entidad='PRUEBA' AND vista='PABLO' [] []
[2017-12-14 16:15:29] Hornero 4.INFO: select app, entidad, vista, nombre, icon_fa, targe FROM ho_menu WHERE app='ADMIN' AND entidad='PRUEBA' AND ho_menu_id is null; [] []
[2017-12-14 16:15:29] Hornero 4.INFO:  select app, entidad, vista, nombre, icon_fa, targe FROM ho_menu WHERE app='ADMIN' AND entidad='PRUEBA' AND vista='PPPP' [] []
[2017-12-14 16:15:29] Hornero 4.INFO: select app, entidad, vista, nombre, icon_fa, targe FROM ho_menu WHERE app='ADMIN' AND entidad='PRUEBA' AND ho_menu_id is null; [] []
[2017-12-14 16:15:29] Hornero 4.INFO:  select app, entidad, vista, nombre, icon_fa, targe FROM ho_menu WHERE app='ADMIN' AND entidad='PRUEBA' AND vista='GGGG' [] []
[2017-12-14 16:15:29] Hornero 4.INFO: select app, entidad, vista, nombre, icon_fa, targe FROM ho_menu WHERE app='ADMIN' AND entidad='SOCIOS' AND ho_menu_id is null; [] []
[2017-12-14 16:15:29] Hornero 4.INFO:  select app, entidad, vista, nombre, icon_fa, targe FROM ho_menu WHERE app='ADMIN' AND entidad='SOCIOS' AND vista='SOCIOS' [] []
[2017-12-14 16:15:29] Hornero 4.INFO: SELECT (CASE COUNT(TABLE_NAME) WHEN 1 THEN 'SI' ELSE 'NO' END) AS existe  FROM INFORMATION_SCHEMA.TABLES WHERE TABLE_NAME = 'prueba' [] []
[2017-12-14 16:15:29] Hornero 4.INFO: SELECT apellido,nombre,id FROM prueba WHERE id = '' [] []
[2017-12-14 16:15:29] Hornero 4.INFO: SELECT (CASE COUNT(TABLE_NAME) WHEN 1 THEN 'SI' ELSE 'NO' END) AS existe  FROM INFORMATION_SCHEMA.TABLES WHERE TABLE_NAME = 'seg_log_eventos' [] []
[2017-12-14 16:15:29] Hornero 4.INFO: SELECT host,base_datos,entidad,entidad_id,new_value,old_value,usuario_id,proceso,created_at,id FROM seg_log_eventos WHERE id = '' [] []
[2017-12-14 16:15:29] Hornero 4.INFO: SELECT CASE WHEN COUNT(roles) > 0 THEN 'SI' ELSE 'NO' END AS permiso  FROM view_seguridad WHERE roles IN('ADMIN - PRUEBA - PABLO - CONSULTA','ADMIN - PRUEBA - PABLO - CONTROL TOTAL')  [] []
[2017-12-14 16:15:46] Hornero 4.INFO: SELECT (CASE COUNT(TABLE_NAME) WHEN 1 THEN 'SI' ELSE 'NO' END) AS existe  FROM INFORMATION_SCHEMA.TABLES WHERE TABLE_NAME = 'prueba' [] []
[2017-12-14 16:15:46] Hornero 4.INFO: SELECT apellido,nombre,id FROM prueba WHERE id = '' [] []
[2017-12-14 16:15:46] Hornero 4.INFO: SELECT (CASE COUNT(TABLE_NAME) WHEN 1 THEN 'SI' ELSE 'NO' END) AS existe  FROM INFORMATION_SCHEMA.TABLES WHERE TABLE_NAME = 'seg_log_eventos' [] []
[2017-12-14 16:15:46] Hornero 4.INFO: SELECT host,base_datos,entidad,entidad_id,new_value,old_value,usuario_id,proceso,created_at,id FROM seg_log_eventos WHERE id = '' [] []
[2017-12-14 16:15:46] Hornero 4.INFO: SELECT CASE WHEN COUNT(roles) > 0 THEN 'SI' ELSE 'NO' END AS permiso  FROM view_seguridad WHERE roles IN('ADMIN - PRUEBA - PABLO - CONSULTA','ADMIN - PRUEBA - PABLO - CONTROL TOTAL')  [] []
[2017-12-14 16:15:47] Hornero 4.INFO: SELECT (CASE COUNT(TABLE_NAME) WHEN 1 THEN 'SI' ELSE 'NO' END) AS existe  FROM INFORMATION_SCHEMA.TABLES WHERE TABLE_NAME = 'seg_usuarios' [] []
[2017-12-14 16:15:47] Hornero 4.INFO: SELECT apellidos,nombres,fech_nacimiento,usuario,clave,correo,telefono,created_usuario_id,created_at,cuenta_bloqueada,fvence_clave,ivence_clave,cambiar_clave,login_fallidos,idioma,updated_usuario_id,removed_at,updated_at,nsesion,dactive,id FROM seg_usuarios WHERE id = '' [] []
[2017-12-14 16:15:47] Hornero 4.INFO: SELECT (CASE COUNT(TABLE_NAME) WHEN 1 THEN 'SI' ELSE 'NO' END) AS existe  FROM INFORMATION_SCHEMA.TABLES WHERE TABLE_NAME = 'seg_log_eventos' [] []
[2017-12-14 16:15:47] Hornero 4.INFO: SELECT host,base_datos,entidad,entidad_id,new_value,old_value,usuario_id,proceso,created_at,id FROM seg_log_eventos WHERE id = '' [] []
[2017-12-14 16:15:47] Hornero 4.INFO: SELECT (CASE COUNT(TABLE_NAME) WHEN 1 THEN 'SI' ELSE 'NO' END) AS existe  FROM INFORMATION_SCHEMA.TABLES WHERE TABLE_NAME = 'ho_menu' [] []
[2017-12-14 16:15:47] Hornero 4.INFO: SELECT app,entidad,vista,nombre,icon_fa,targe,ho_menu_id,created_usuario_id,updated_usuario_id,created_at,updated_at,id FROM ho_menu WHERE id = '' [] []
[2017-12-14 16:15:47] Hornero 4.INFO: SELECT (CASE COUNT(TABLE_NAME) WHEN 1 THEN 'SI' ELSE 'NO' END) AS existe  FROM INFORMATION_SCHEMA.TABLES WHERE TABLE_NAME = 'seg_log_eventos' [] []
[2017-12-14 16:15:47] Hornero 4.INFO: SELECT host,base_datos,entidad,entidad_id,new_value,old_value,usuario_id,proceso,created_at,id FROM seg_log_eventos WHERE id = '' [] []
[2017-12-14 16:15:47] Hornero 4.INFO: SELECT (CASE COUNT(TABLE_NAME) WHEN 1 THEN 'SI' ELSE 'NO' END) AS existe  FROM INFORMATION_SCHEMA.TABLES WHERE TABLE_NAME = 'seg_log_eventos' [] []
[2017-12-14 16:15:47] Hornero 4.INFO: SELECT host,base_datos,entidad,entidad_id,new_value,old_value,usuario_id,proceso,created_at,id FROM seg_log_eventos WHERE id = '' [] []
[2017-12-14 16:15:47] Hornero 4.INFO: select * from view_seguridad WHERE perfil_id in(1,2,4) [] []
[2017-12-14 16:15:47] Hornero 4.INFO: select app, entidad, vista, nombre, icon_fa, targe FROM ho_menu WHERE app='ADMIN' AND entidad='EMPLEADOS' AND ho_menu_id is null; [] []
[2017-12-14 16:15:47] Hornero 4.INFO: select app, entidad, vista, nombre, icon_fa, targe FROM ho_menu WHERE app='ADMIN' AND entidad='LEGAJOS' AND ho_menu_id is null; [] []
[2017-12-14 16:15:47] Hornero 4.INFO: select app, entidad, vista, nombre, icon_fa, targe FROM ho_menu WHERE app='ADMIN' AND entidad='TIPO_ESTATUS' AND ho_menu_id is null; [] []
[2017-12-14 16:15:47] Hornero 4.INFO:  select app, entidad, vista, nombre, icon_fa, targe FROM ho_menu WHERE app='ADMIN' AND entidad='TIPO_ESTATUS' AND vista='ESTATUS' [] []
[2017-12-14 16:15:47] Hornero 4.INFO: select app, entidad, vista, nombre, icon_fa, targe FROM ho_menu WHERE app='ADMIN' AND entidad='TIPO_SERVICIO' AND ho_menu_id is null; [] []
[2017-12-14 16:15:47] Hornero 4.INFO:  select app, entidad, vista, nombre, icon_fa, targe FROM ho_menu WHERE app='ADMIN' AND entidad='TIPO_SERVICIO' AND vista='TIPO' [] []
[2017-12-14 16:15:47] Hornero 4.INFO: select app, entidad, vista, nombre, icon_fa, targe FROM ho_menu WHERE app='ADMIN' AND entidad='PRODUCTOS' AND ho_menu_id is null; [] []
[2017-12-14 16:15:47] Hornero 4.INFO:  select app, entidad, vista, nombre, icon_fa, targe FROM ho_menu WHERE app='ADMIN' AND entidad='PRODUCTOS' AND vista='PRODUCTOSS' [] []
[2017-12-14 16:15:47] Hornero 4.INFO: select app, entidad, vista, nombre, icon_fa, targe FROM ho_menu WHERE app='ADMIN' AND entidad='TIPO_ESTATUS' AND ho_menu_id is null; [] []
[2017-12-14 16:15:47] Hornero 4.INFO:  select app, entidad, vista, nombre, icon_fa, targe FROM ho_menu WHERE app='ADMIN' AND entidad='TIPO_ESTATUS' AND vista='UNIDA' [] []
[2017-12-14 16:15:47] Hornero 4.INFO: select app, entidad, vista, nombre, icon_fa, targe FROM ho_menu WHERE app='ADMIN' AND entidad='PRUEBA' AND ho_menu_id is null; [] []
[2017-12-14 16:15:47] Hornero 4.INFO:  select app, entidad, vista, nombre, icon_fa, targe FROM ho_menu WHERE app='ADMIN' AND entidad='PRUEBA' AND vista='PABLO' [] []
[2017-12-14 16:15:47] Hornero 4.INFO: select app, entidad, vista, nombre, icon_fa, targe FROM ho_menu WHERE app='ADMIN' AND entidad='PRUEBA' AND ho_menu_id is null; [] []
[2017-12-14 16:15:47] Hornero 4.INFO:  select app, entidad, vista, nombre, icon_fa, targe FROM ho_menu WHERE app='ADMIN' AND entidad='PRUEBA' AND vista='PPPP' [] []
[2017-12-14 16:15:47] Hornero 4.INFO: select app, entidad, vista, nombre, icon_fa, targe FROM ho_menu WHERE app='ADMIN' AND entidad='PRUEBA' AND ho_menu_id is null; [] []
[2017-12-14 16:15:47] Hornero 4.INFO:  select app, entidad, vista, nombre, icon_fa, targe FROM ho_menu WHERE app='ADMIN' AND entidad='PRUEBA' AND vista='GGGG' [] []
[2017-12-14 16:15:47] Hornero 4.INFO: select app, entidad, vista, nombre, icon_fa, targe FROM ho_menu WHERE app='ADMIN' AND entidad='SOCIOS' AND ho_menu_id is null; [] []
[2017-12-14 16:15:47] Hornero 4.INFO:  select app, entidad, vista, nombre, icon_fa, targe FROM ho_menu WHERE app='ADMIN' AND entidad='SOCIOS' AND vista='SOCIOS' [] []
[2017-12-14 16:15:47] Hornero 4.INFO: SELECT (CASE COUNT(TABLE_NAME) WHEN 1 THEN 'SI' ELSE 'NO' END) AS existe  FROM INFORMATION_SCHEMA.TABLES WHERE TABLE_NAME = 'prueba' [] []
[2017-12-14 16:15:47] Hornero 4.INFO: SELECT apellido,nombre,id FROM prueba WHERE id = '' [] []
[2017-12-14 16:15:47] Hornero 4.INFO: SELECT (CASE COUNT(TABLE_NAME) WHEN 1 THEN 'SI' ELSE 'NO' END) AS existe  FROM INFORMATION_SCHEMA.TABLES WHERE TABLE_NAME = 'seg_log_eventos' [] []
[2017-12-14 16:15:47] Hornero 4.INFO: SELECT host,base_datos,entidad,entidad_id,new_value,old_value,usuario_id,proceso,created_at,id FROM seg_log_eventos WHERE id = '' [] []
[2017-12-14 16:15:47] Hornero 4.INFO: SELECT CASE WHEN COUNT(roles) > 0 THEN 'SI' ELSE 'NO' END AS permiso  FROM view_seguridad WHERE roles IN('ADMIN - PRUEBA - PABLO - CONSULTA','ADMIN - PRUEBA - PABLO - CONTROL TOTAL')  [] []
[2017-12-14 16:15:48] Hornero 4.INFO: Select count(*) as items FROM prueba WHERE 0=0  [] []
[2017-12-14 16:15:48] Hornero 4.INFO: SELECT * FROM (SELECT ROW_NUMBER() OVER( ORDER BY id  ) AS row, 9697000 AS cnt, apellido,nombre, id FROM prueba WHERE 0=0  ) AS sub [] []
[2017-12-14 16:15:48] Hornero 4.INFO: SELECT * FROM (SELECT ROW_NUMBER() OVER( ORDER BY id  ) AS row, 9697000 AS cnt, apellido,nombre, id FROM prueba WHERE 0=0  ) AS sub WHERE row>=0 AND row<=100 [] []
[2017-12-14 16:15:51] Hornero 4.INFO: SELECT (CASE COUNT(TABLE_NAME) WHEN 1 THEN 'SI' ELSE 'NO' END) AS existe  FROM INFORMATION_SCHEMA.TABLES WHERE TABLE_NAME = 'prueba' [] []
[2017-12-14 16:15:51] Hornero 4.INFO: SELECT apellido,nombre,id FROM prueba WHERE id = '' [] []
[2017-12-14 16:15:51] Hornero 4.INFO: SELECT (CASE COUNT(TABLE_NAME) WHEN 1 THEN 'SI' ELSE 'NO' END) AS existe  FROM INFORMATION_SCHEMA.TABLES WHERE TABLE_NAME = 'seg_log_eventos' [] []
[2017-12-14 16:15:51] Hornero 4.INFO: SELECT host,base_datos,entidad,entidad_id,new_value,old_value,usuario_id,proceso,created_at,id FROM seg_log_eventos WHERE id = '' [] []
[2017-12-14 16:15:51] Hornero 4.INFO: SELECT CASE WHEN COUNT(roles) > 0 THEN 'SI' ELSE 'NO' END AS permiso  FROM view_seguridad WHERE roles IN('ADMIN - PRUEBA - PABLO - CONSULTA','ADMIN - PRUEBA - PABLO - CONTROL TOTAL')  [] []
[2017-12-14 16:15:53] Hornero 4.INFO: SELECT (CASE COUNT(TABLE_NAME) WHEN 1 THEN 'SI' ELSE 'NO' END) AS existe  FROM INFORMATION_SCHEMA.TABLES WHERE TABLE_NAME = 'prueba' [] []
[2017-12-14 16:15:53] Hornero 4.INFO: SELECT apellido,nombre,id FROM prueba WHERE id = '' [] []
[2017-12-14 16:15:53] Hornero 4.INFO: SELECT (CASE COUNT(TABLE_NAME) WHEN 1 THEN 'SI' ELSE 'NO' END) AS existe  FROM INFORMATION_SCHEMA.TABLES WHERE TABLE_NAME = 'seg_log_eventos' [] []
[2017-12-14 16:15:53] Hornero 4.INFO: SELECT host,base_datos,entidad,entidad_id,new_value,old_value,usuario_id,proceso,created_at,id FROM seg_log_eventos WHERE id = '' [] []
[2017-12-14 16:15:53] Hornero 4.INFO: SELECT CASE WHEN COUNT(roles) > 0 THEN 'SI' ELSE 'NO' END AS permiso  FROM view_seguridad WHERE roles IN('ADMIN - PRUEBA - PABLO - CONSULTA','ADMIN - PRUEBA - PABLO - CONTROL TOTAL')  [] []
[2017-12-14 16:16:12] Hornero 4.INFO: SELECT (CASE COUNT(TABLE_NAME) WHEN 1 THEN 'SI' ELSE 'NO' END) AS existe  FROM INFORMATION_SCHEMA.TABLES WHERE TABLE_NAME = 'prueba' [] []
[2017-12-14 16:16:12] Hornero 4.INFO: SELECT apellido,nombre,id FROM prueba WHERE id = '' [] []
[2017-12-14 16:16:12] Hornero 4.INFO: SELECT (CASE COUNT(TABLE_NAME) WHEN 1 THEN 'SI' ELSE 'NO' END) AS existe  FROM INFORMATION_SCHEMA.TABLES WHERE TABLE_NAME = 'seg_log_eventos' [] []
[2017-12-14 16:16:12] Hornero 4.INFO: SELECT host,base_datos,entidad,entidad_id,new_value,old_value,usuario_id,proceso,created_at,id FROM seg_log_eventos WHERE id = '' [] []
[2017-12-14 16:16:12] Hornero 4.INFO: SELECT CASE WHEN COUNT(roles) > 0 THEN 'SI' ELSE 'NO' END AS permiso  FROM view_seguridad WHERE roles IN('ADMIN - PRUEBA - PABLO - CONSULTA','ADMIN - PRUEBA - PABLO - CONTROL TOTAL')  [] []
[2017-12-14 16:16:12] Hornero 4.INFO: SELECT * FROM prueba WHERE id=22 [] []
[2017-12-14 16:16:15] Hornero 4.INFO: SELECT (CASE COUNT(TABLE_NAME) WHEN 1 THEN 'SI' ELSE 'NO' END) AS existe  FROM INFORMATION_SCHEMA.TABLES WHERE TABLE_NAME = 'prueba' [] []
[2017-12-14 16:16:15] Hornero 4.INFO: SELECT apellido,nombre,id FROM prueba WHERE id = '' [] []
[2017-12-14 16:16:15] Hornero 4.INFO: SELECT (CASE COUNT(TABLE_NAME) WHEN 1 THEN 'SI' ELSE 'NO' END) AS existe  FROM INFORMATION_SCHEMA.TABLES WHERE TABLE_NAME = 'seg_log_eventos' [] []
[2017-12-14 16:16:15] Hornero 4.INFO: SELECT host,base_datos,entidad,entidad_id,new_value,old_value,usuario_id,proceso,created_at,id FROM seg_log_eventos WHERE id = '' [] []
[2017-12-14 16:16:15] Hornero 4.INFO: SELECT CASE WHEN COUNT(roles) > 0 THEN 'SI' ELSE 'NO' END AS permiso  FROM view_seguridad WHERE roles IN('ADMIN - PRUEBA - PABLO - CONSULTA','ADMIN - PRUEBA - PABLO - CONTROL TOTAL')  [] []
[2017-12-14 16:16:15] Hornero 4.INFO: SELECT * FROM prueba WHERE id=23 [] []
[2017-12-14 16:16:20] Hornero 4.INFO: SELECT (CASE COUNT(TABLE_NAME) WHEN 1 THEN 'SI' ELSE 'NO' END) AS existe  FROM INFORMATION_SCHEMA.TABLES WHERE TABLE_NAME = 'prueba' [] []
[2017-12-14 16:16:20] Hornero 4.INFO: SELECT apellido,nombre,id FROM prueba WHERE id = '' [] []
[2017-12-14 16:16:20] Hornero 4.INFO: SELECT (CASE COUNT(TABLE_NAME) WHEN 1 THEN 'SI' ELSE 'NO' END) AS existe  FROM INFORMATION_SCHEMA.TABLES WHERE TABLE_NAME = 'seg_log_eventos' [] []
[2017-12-14 16:16:20] Hornero 4.INFO: SELECT host,base_datos,entidad,entidad_id,new_value,old_value,usuario_id,proceso,created_at,id FROM seg_log_eventos WHERE id = '' [] []
[2017-12-14 16:16:20] Hornero 4.INFO: SELECT CASE WHEN COUNT(roles) > 0 THEN 'SI' ELSE 'NO' END AS permiso  FROM view_seguridad WHERE roles IN('ADMIN - PRUEBA - PABLO - MODIFICACION','ADMIN - PRUEBA - PABLO - CONTROL TOTAL')  [] []
[2017-12-14 16:16:20] Hornero 4.INFO: SELECT c.COLUMN_NAME as Field,c.DATA_TYPE + '(' + convert(varchar(10), isnull(c.CHARACTER_MAXIMUM_LENGTH, -1)) + ')' as 'Type',c.IS_NULLABLE as 'Null',isnull(LEFT(k.constraint_type, 3), '') as 'Key',c.COLUMN_DEFAULT as 'Default', case co.is_identity when 1 then 'auto_increment' else '' end as Extra FROM INFORMATION_SCHEMA.COLUMNS as c left JOIN INFORMATION_SCHEMA.CONSTRAINT_COLUMN_USAGE  as kc ON kc.COLUMN_NAME = c.COLUMN_NAME and kc.TABLE_NAME = c.TABLE_NAME left JOIN INFORMATION_SCHEMA.TABLE_CONSTRAINTS as k ON k.CONSTRAINT_NAME = kc.CONSTRAINT_NAME and k.TABLE_NAME = kc.TABLE_NAME left JOIN sys.objects as o ON o.name = c.TABLE_NAME left JOIN sys.columns as co ON o.object_id = co.object_id and co.name = c.COLUMN_NAME WHERE c.TABLE_NAME = 'prueba'  [] []
[2017-12-14 16:16:20] Hornero 4.INFO: SELECT * FROM prueba WHERE id = '23' [] []
[2017-12-14 16:16:20] Hornero 4.INFO: UPDATE prueba SET apellido = '24@gmail.com', nombre = '192.168.0.24' WHERE id = '23' [] []
[2017-12-14 16:16:20] Hornero 4.INFO: INSERT INTO seg_log_eventos(host,base_datos,entidad,entidad_id,new_value,old_value,usuario_id,proceso,created_at) VALUES('127.0.0.1','test_crud2','prueba','23','','{"id":"23","apellido":"24@gmail.com","nombre":"192.168.0.24","token":"6a5e98e08119d6bbc375cfdb928fe2bd"}','1','Actualizacion de Registro','14/12/2017 04:16:20:000') [] []
[2017-12-14 16:16:20] Hornero 4.INFO: SELECT (CASE COUNT(TABLE_NAME) WHEN 1 THEN 'SI' ELSE 'NO' END) AS existe  FROM INFORMATION_SCHEMA.TABLES WHERE TABLE_NAME = 'prueba' [] []
[2017-12-14 16:16:20] Hornero 4.INFO: SELECT apellido,nombre,id FROM prueba WHERE id = '' [] []
[2017-12-14 16:16:20] Hornero 4.INFO: SELECT (CASE COUNT(TABLE_NAME) WHEN 1 THEN 'SI' ELSE 'NO' END) AS existe  FROM INFORMATION_SCHEMA.TABLES WHERE TABLE_NAME = 'seg_log_eventos' [] []
[2017-12-14 16:16:20] Hornero 4.INFO: SELECT host,base_datos,entidad,entidad_id,new_value,old_value,usuario_id,proceso,created_at,id FROM seg_log_eventos WHERE id = '' [] []
[2017-12-14 16:16:20] Hornero 4.INFO: SELECT CASE WHEN COUNT(roles) > 0 THEN 'SI' ELSE 'NO' END AS permiso  FROM view_seguridad WHERE roles IN('ADMIN - PRUEBA - PABLO - CONSULTA','ADMIN - PRUEBA - PABLO - CONTROL TOTAL')  [] []
[2017-12-14 16:16:20] Hornero 4.INFO: SELECT (CASE COUNT(TABLE_NAME) WHEN 1 THEN 'SI' ELSE 'NO' END) AS existe  FROM INFORMATION_SCHEMA.TABLES WHERE TABLE_NAME = 'seg_usuarios' [] []
[2017-12-14 16:16:20] Hornero 4.INFO: SELECT apellidos,nombres,fech_nacimiento,usuario,clave,correo,telefono,created_usuario_id,created_at,cuenta_bloqueada,fvence_clave,ivence_clave,cambiar_clave,login_fallidos,idioma,updated_usuario_id,removed_at,updated_at,nsesion,dactive,id FROM seg_usuarios WHERE id = '' [] []
[2017-12-14 16:16:20] Hornero 4.INFO: SELECT (CASE COUNT(TABLE_NAME) WHEN 1 THEN 'SI' ELSE 'NO' END) AS existe  FROM INFORMATION_SCHEMA.TABLES WHERE TABLE_NAME = 'seg_log_eventos' [] []
[2017-12-14 16:16:20] Hornero 4.INFO: SELECT host,base_datos,entidad,entidad_id,new_value,old_value,usuario_id,proceso,created_at,id FROM seg_log_eventos WHERE id = '' [] []
[2017-12-14 16:16:20] Hornero 4.INFO: SELECT (CASE COUNT(TABLE_NAME) WHEN 1 THEN 'SI' ELSE 'NO' END) AS existe  FROM INFORMATION_SCHEMA.TABLES WHERE TABLE_NAME = 'ho_menu' [] []
[2017-12-14 16:16:20] Hornero 4.INFO: SELECT app,entidad,vista,nombre,icon_fa,targe,ho_menu_id,created_usuario_id,updated_usuario_id,created_at,updated_at,id FROM ho_menu WHERE id = '' [] []
[2017-12-14 16:16:20] Hornero 4.INFO: SELECT (CASE COUNT(TABLE_NAME) WHEN 1 THEN 'SI' ELSE 'NO' END) AS existe  FROM INFORMATION_SCHEMA.TABLES WHERE TABLE_NAME = 'seg_log_eventos' [] []
[2017-12-14 16:16:20] Hornero 4.INFO: SELECT host,base_datos,entidad,entidad_id,new_value,old_value,usuario_id,proceso,created_at,id FROM seg_log_eventos WHERE id = '' [] []
[2017-12-14 16:16:20] Hornero 4.INFO: SELECT (CASE COUNT(TABLE_NAME) WHEN 1 THEN 'SI' ELSE 'NO' END) AS existe  FROM INFORMATION_SCHEMA.TABLES WHERE TABLE_NAME = 'seg_log_eventos' [] []
[2017-12-14 16:16:20] Hornero 4.INFO: SELECT host,base_datos,entidad,entidad_id,new_value,old_value,usuario_id,proceso,created_at,id FROM seg_log_eventos WHERE id = '' [] []
[2017-12-14 16:16:20] Hornero 4.INFO: select * from view_seguridad WHERE perfil_id in(1,2,4) [] []
[2017-12-14 16:16:20] Hornero 4.INFO: select app, entidad, vista, nombre, icon_fa, targe FROM ho_menu WHERE app='ADMIN' AND entidad='EMPLEADOS' AND ho_menu_id is null; [] []
[2017-12-14 16:16:20] Hornero 4.INFO: select app, entidad, vista, nombre, icon_fa, targe FROM ho_menu WHERE app='ADMIN' AND entidad='LEGAJOS' AND ho_menu_id is null; [] []
[2017-12-14 16:16:20] Hornero 4.INFO: select app, entidad, vista, nombre, icon_fa, targe FROM ho_menu WHERE app='ADMIN' AND entidad='TIPO_ESTATUS' AND ho_menu_id is null; [] []
[2017-12-14 16:16:20] Hornero 4.INFO:  select app, entidad, vista, nombre, icon_fa, targe FROM ho_menu WHERE app='ADMIN' AND entidad='TIPO_ESTATUS' AND vista='ESTATUS' [] []
[2017-12-14 16:16:20] Hornero 4.INFO: select app, entidad, vista, nombre, icon_fa, targe FROM ho_menu WHERE app='ADMIN' AND entidad='TIPO_SERVICIO' AND ho_menu_id is null; [] []
[2017-12-14 16:16:20] Hornero 4.INFO:  select app, entidad, vista, nombre, icon_fa, targe FROM ho_menu WHERE app='ADMIN' AND entidad='TIPO_SERVICIO' AND vista='TIPO' [] []
[2017-12-14 16:16:20] Hornero 4.INFO: select app, entidad, vista, nombre, icon_fa, targe FROM ho_menu WHERE app='ADMIN' AND entidad='PRODUCTOS' AND ho_menu_id is null; [] []
[2017-12-14 16:16:20] Hornero 4.INFO:  select app, entidad, vista, nombre, icon_fa, targe FROM ho_menu WHERE app='ADMIN' AND entidad='PRODUCTOS' AND vista='PRODUCTOSS' [] []
[2017-12-14 16:16:20] Hornero 4.INFO: select app, entidad, vista, nombre, icon_fa, targe FROM ho_menu WHERE app='ADMIN' AND entidad='TIPO_ESTATUS' AND ho_menu_id is null; [] []
[2017-12-14 16:16:20] Hornero 4.INFO:  select app, entidad, vista, nombre, icon_fa, targe FROM ho_menu WHERE app='ADMIN' AND entidad='TIPO_ESTATUS' AND vista='UNIDA' [] []
[2017-12-14 16:16:20] Hornero 4.INFO: select app, entidad, vista, nombre, icon_fa, targe FROM ho_menu WHERE app='ADMIN' AND entidad='PRUEBA' AND ho_menu_id is null; [] []
[2017-12-14 16:16:20] Hornero 4.INFO:  select app, entidad, vista, nombre, icon_fa, targe FROM ho_menu WHERE app='ADMIN' AND entidad='PRUEBA' AND vista='PABLO' [] []
[2017-12-14 16:16:20] Hornero 4.INFO: select app, entidad, vista, nombre, icon_fa, targe FROM ho_menu WHERE app='ADMIN' AND entidad='PRUEBA' AND ho_menu_id is null; [] []
[2017-12-14 16:16:20] Hornero 4.INFO:  select app, entidad, vista, nombre, icon_fa, targe FROM ho_menu WHERE app='ADMIN' AND entidad='PRUEBA' AND vista='PPPP' [] []
[2017-12-14 16:16:21] Hornero 4.INFO: select app, entidad, vista, nombre, icon_fa, targe FROM ho_menu WHERE app='ADMIN' AND entidad='PRUEBA' AND ho_menu_id is null; [] []
[2017-12-14 16:16:21] Hornero 4.INFO:  select app, entidad, vista, nombre, icon_fa, targe FROM ho_menu WHERE app='ADMIN' AND entidad='PRUEBA' AND vista='GGGG' [] []
[2017-12-14 16:16:21] Hornero 4.INFO: select app, entidad, vista, nombre, icon_fa, targe FROM ho_menu WHERE app='ADMIN' AND entidad='SOCIOS' AND ho_menu_id is null; [] []
[2017-12-14 16:16:21] Hornero 4.INFO:  select app, entidad, vista, nombre, icon_fa, targe FROM ho_menu WHERE app='ADMIN' AND entidad='SOCIOS' AND vista='SOCIOS' [] []
[2017-12-14 16:16:21] Hornero 4.INFO: SELECT (CASE COUNT(TABLE_NAME) WHEN 1 THEN 'SI' ELSE 'NO' END) AS existe  FROM INFORMATION_SCHEMA.TABLES WHERE TABLE_NAME = 'prueba' [] []
[2017-12-14 16:16:21] Hornero 4.INFO: SELECT apellido,nombre,id FROM prueba WHERE id = '' [] []
[2017-12-14 16:16:21] Hornero 4.INFO: SELECT (CASE COUNT(TABLE_NAME) WHEN 1 THEN 'SI' ELSE 'NO' END) AS existe  FROM INFORMATION_SCHEMA.TABLES WHERE TABLE_NAME = 'seg_log_eventos' [] []
[2017-12-14 16:16:21] Hornero 4.INFO: SELECT host,base_datos,entidad,entidad_id,new_value,old_value,usuario_id,proceso,created_at,id FROM seg_log_eventos WHERE id = '' [] []
[2017-12-14 16:16:21] Hornero 4.INFO: SELECT CASE WHEN COUNT(roles) > 0 THEN 'SI' ELSE 'NO' END AS permiso  FROM view_seguridad WHERE roles IN('ADMIN - PRUEBA - PABLO - CONSULTA','ADMIN - PRUEBA - PABLO - CONTROL TOTAL')  [] []
[2017-12-14 16:16:21] Hornero 4.INFO: Select count(*) as items FROM prueba WHERE 0=0  [] []
[2017-12-14 16:16:21] Hornero 4.INFO: SELECT * FROM (SELECT ROW_NUMBER() OVER( ORDER BY id  ) AS row, 9697000 AS cnt, apellido,nombre, id FROM prueba WHERE 0=0  ) AS sub [] []
[2017-12-14 16:16:21] Hornero 4.INFO: SELECT * FROM (SELECT ROW_NUMBER() OVER( ORDER BY id  ) AS row, 9697000 AS cnt, apellido,nombre, id FROM prueba WHERE 0=0  ) AS sub WHERE row>=0 AND row<=100 [] []
[2017-12-14 16:16:22] Hornero 4.INFO: SELECT (CASE COUNT(TABLE_NAME) WHEN 1 THEN 'SI' ELSE 'NO' END) AS existe  FROM INFORMATION_SCHEMA.TABLES WHERE TABLE_NAME = 'prueba' [] []
[2017-12-14 16:16:22] Hornero 4.INFO: SELECT apellido,nombre,id FROM prueba WHERE id = '' [] []
[2017-12-14 16:16:22] Hornero 4.INFO: SELECT (CASE COUNT(TABLE_NAME) WHEN 1 THEN 'SI' ELSE 'NO' END) AS existe  FROM INFORMATION_SCHEMA.TABLES WHERE TABLE_NAME = 'seg_log_eventos' [] []
[2017-12-14 16:16:22] Hornero 4.INFO: SELECT host,base_datos,entidad,entidad_id,new_value,old_value,usuario_id,proceso,created_at,id FROM seg_log_eventos WHERE id = '' [] []
[2017-12-14 16:16:22] Hornero 4.INFO: SELECT CASE WHEN COUNT(roles) > 0 THEN 'SI' ELSE 'NO' END AS permiso  FROM view_seguridad WHERE roles IN('ADMIN - PRUEBA - PABLO - CONSULTA','ADMIN - PRUEBA - PABLO - CONTROL TOTAL')  [] []
[2017-12-14 16:16:22] Hornero 4.INFO: SELECT * FROM prueba WHERE id=12 [] []
[2017-12-14 16:16:25] Hornero 4.INFO: SELECT (CASE COUNT(TABLE_NAME) WHEN 1 THEN 'SI' ELSE 'NO' END) AS existe  FROM INFORMATION_SCHEMA.TABLES WHERE TABLE_NAME = 'prueba' [] []
[2017-12-14 16:16:25] Hornero 4.INFO: SELECT apellido,nombre,id FROM prueba WHERE id = '' [] []
[2017-12-14 16:16:25] Hornero 4.INFO: SELECT (CASE COUNT(TABLE_NAME) WHEN 1 THEN 'SI' ELSE 'NO' END) AS existe  FROM INFORMATION_SCHEMA.TABLES WHERE TABLE_NAME = 'seg_log_eventos' [] []
[2017-12-14 16:16:25] Hornero 4.INFO: SELECT host,base_datos,entidad,entidad_id,new_value,old_value,usuario_id,proceso,created_at,id FROM seg_log_eventos WHERE id = '' [] []
[2017-12-14 16:16:25] Hornero 4.INFO: SELECT CASE WHEN COUNT(roles) > 0 THEN 'SI' ELSE 'NO' END AS permiso  FROM view_seguridad WHERE roles IN('ADMIN - PRUEBA - PABLO - BAJA','ADMIN - PRUEBA - PABLO - CONTROL TOTAL')  [] []
[2017-12-14 16:16:25] Hornero 4.INFO: SELECT * FROM prueba WHERE id = '12' [] []
[2017-12-14 16:16:25] Hornero 4.INFO: DELETE FROM prueba WHERE id = '12' [] []
[2017-12-14 16:16:26] Hornero 4.INFO: SELECT (CASE COUNT(TABLE_NAME) WHEN 1 THEN 'SI' ELSE 'NO' END) AS existe  FROM INFORMATION_SCHEMA.TABLES WHERE TABLE_NAME = 'prueba' [] []
[2017-12-14 16:16:26] Hornero 4.INFO: SELECT apellido,nombre,id FROM prueba WHERE id = '' [] []
[2017-12-14 16:16:26] Hornero 4.INFO: SELECT (CASE COUNT(TABLE_NAME) WHEN 1 THEN 'SI' ELSE 'NO' END) AS existe  FROM INFORMATION_SCHEMA.TABLES WHERE TABLE_NAME = 'seg_log_eventos' [] []
[2017-12-14 16:16:26] Hornero 4.INFO: SELECT host,base_datos,entidad,entidad_id,new_value,old_value,usuario_id,proceso,created_at,id FROM seg_log_eventos WHERE id = '' [] []
[2017-12-14 16:16:26] Hornero 4.INFO: SELECT CASE WHEN COUNT(roles) > 0 THEN 'SI' ELSE 'NO' END AS permiso  FROM view_seguridad WHERE roles IN('ADMIN - PRUEBA - PABLO - CONSULTA','ADMIN - PRUEBA - PABLO - CONTROL TOTAL')  [] []
[2017-12-14 16:16:26] Hornero 4.INFO: SELECT (CASE COUNT(TABLE_NAME) WHEN 1 THEN 'SI' ELSE 'NO' END) AS existe  FROM INFORMATION_SCHEMA.TABLES WHERE TABLE_NAME = 'seg_usuarios' [] []
[2017-12-14 16:16:26] Hornero 4.INFO: SELECT apellidos,nombres,fech_nacimiento,usuario,clave,correo,telefono,created_usuario_id,created_at,cuenta_bloqueada,fvence_clave,ivence_clave,cambiar_clave,login_fallidos,idioma,updated_usuario_id,removed_at,updated_at,nsesion,dactive,id FROM seg_usuarios WHERE id = '' [] []
[2017-12-14 16:16:26] Hornero 4.INFO: SELECT (CASE COUNT(TABLE_NAME) WHEN 1 THEN 'SI' ELSE 'NO' END) AS existe  FROM INFORMATION_SCHEMA.TABLES WHERE TABLE_NAME = 'seg_log_eventos' [] []
[2017-12-14 16:16:26] Hornero 4.INFO: SELECT host,base_datos,entidad,entidad_id,new_value,old_value,usuario_id,proceso,created_at,id FROM seg_log_eventos WHERE id = '' [] []
[2017-12-14 16:16:26] Hornero 4.INFO: SELECT (CASE COUNT(TABLE_NAME) WHEN 1 THEN 'SI' ELSE 'NO' END) AS existe  FROM INFORMATION_SCHEMA.TABLES WHERE TABLE_NAME = 'ho_menu' [] []
[2017-12-14 16:16:26] Hornero 4.INFO: SELECT app,entidad,vista,nombre,icon_fa,targe,ho_menu_id,created_usuario_id,updated_usuario_id,created_at,updated_at,id FROM ho_menu WHERE id = '' [] []
[2017-12-14 16:16:26] Hornero 4.INFO: SELECT (CASE COUNT(TABLE_NAME) WHEN 1 THEN 'SI' ELSE 'NO' END) AS existe  FROM INFORMATION_SCHEMA.TABLES WHERE TABLE_NAME = 'seg_log_eventos' [] []
[2017-12-14 16:16:26] Hornero 4.INFO: SELECT host,base_datos,entidad,entidad_id,new_value,old_value,usuario_id,proceso,created_at,id FROM seg_log_eventos WHERE id = '' [] []
[2017-12-14 16:16:26] Hornero 4.INFO: SELECT (CASE COUNT(TABLE_NAME) WHEN 1 THEN 'SI' ELSE 'NO' END) AS existe  FROM INFORMATION_SCHEMA.TABLES WHERE TABLE_NAME = 'seg_log_eventos' [] []
[2017-12-14 16:16:26] Hornero 4.INFO: SELECT host,base_datos,entidad,entidad_id,new_value,old_value,usuario_id,proceso,created_at,id FROM seg_log_eventos WHERE id = '' [] []
[2017-12-14 16:16:26] Hornero 4.INFO: select * from view_seguridad WHERE perfil_id in(1,2,4) [] []
[2017-12-14 16:16:26] Hornero 4.INFO: select app, entidad, vista, nombre, icon_fa, targe FROM ho_menu WHERE app='ADMIN' AND entidad='EMPLEADOS' AND ho_menu_id is null; [] []
[2017-12-14 16:16:26] Hornero 4.INFO: select app, entidad, vista, nombre, icon_fa, targe FROM ho_menu WHERE app='ADMIN' AND entidad='LEGAJOS' AND ho_menu_id is null; [] []
[2017-12-14 16:16:26] Hornero 4.INFO: select app, entidad, vista, nombre, icon_fa, targe FROM ho_menu WHERE app='ADMIN' AND entidad='TIPO_ESTATUS' AND ho_menu_id is null; [] []
[2017-12-14 16:16:26] Hornero 4.INFO:  select app, entidad, vista, nombre, icon_fa, targe FROM ho_menu WHERE app='ADMIN' AND entidad='TIPO_ESTATUS' AND vista='ESTATUS' [] []
[2017-12-14 16:16:26] Hornero 4.INFO: select app, entidad, vista, nombre, icon_fa, targe FROM ho_menu WHERE app='ADMIN' AND entidad='TIPO_SERVICIO' AND ho_menu_id is null; [] []
[2017-12-14 16:16:26] Hornero 4.INFO:  select app, entidad, vista, nombre, icon_fa, targe FROM ho_menu WHERE app='ADMIN' AND entidad='TIPO_SERVICIO' AND vista='TIPO' [] []
[2017-12-14 16:16:26] Hornero 4.INFO: select app, entidad, vista, nombre, icon_fa, targe FROM ho_menu WHERE app='ADMIN' AND entidad='PRODUCTOS' AND ho_menu_id is null; [] []
[2017-12-14 16:16:26] Hornero 4.INFO:  select app, entidad, vista, nombre, icon_fa, targe FROM ho_menu WHERE app='ADMIN' AND entidad='PRODUCTOS' AND vista='PRODUCTOSS' [] []
[2017-12-14 16:16:26] Hornero 4.INFO: select app, entidad, vista, nombre, icon_fa, targe FROM ho_menu WHERE app='ADMIN' AND entidad='TIPO_ESTATUS' AND ho_menu_id is null; [] []
[2017-12-14 16:16:26] Hornero 4.INFO:  select app, entidad, vista, nombre, icon_fa, targe FROM ho_menu WHERE app='ADMIN' AND entidad='TIPO_ESTATUS' AND vista='UNIDA' [] []
[2017-12-14 16:16:26] Hornero 4.INFO: select app, entidad, vista, nombre, icon_fa, targe FROM ho_menu WHERE app='ADMIN' AND entidad='PRUEBA' AND ho_menu_id is null; [] []
[2017-12-14 16:16:26] Hornero 4.INFO:  select app, entidad, vista, nombre, icon_fa, targe FROM ho_menu WHERE app='ADMIN' AND entidad='PRUEBA' AND vista='PABLO' [] []
[2017-12-14 16:16:26] Hornero 4.INFO: select app, entidad, vista, nombre, icon_fa, targe FROM ho_menu WHERE app='ADMIN' AND entidad='PRUEBA' AND ho_menu_id is null; [] []
[2017-12-14 16:16:26] Hornero 4.INFO:  select app, entidad, vista, nombre, icon_fa, targe FROM ho_menu WHERE app='ADMIN' AND entidad='PRUEBA' AND vista='PPPP' [] []
[2017-12-14 16:16:26] Hornero 4.INFO: select app, entidad, vista, nombre, icon_fa, targe FROM ho_menu WHERE app='ADMIN' AND entidad='PRUEBA' AND ho_menu_id is null; [] []
[2017-12-14 16:16:26] Hornero 4.INFO:  select app, entidad, vista, nombre, icon_fa, targe FROM ho_menu WHERE app='ADMIN' AND entidad='PRUEBA' AND vista='GGGG' [] []
[2017-12-14 16:16:26] Hornero 4.INFO: select app, entidad, vista, nombre, icon_fa, targe FROM ho_menu WHERE app='ADMIN' AND entidad='SOCIOS' AND ho_menu_id is null; [] []
[2017-12-14 16:16:26] Hornero 4.INFO:  select app, entidad, vista, nombre, icon_fa, targe FROM ho_menu WHERE app='ADMIN' AND entidad='SOCIOS' AND vista='SOCIOS' [] []
[2017-12-14 16:16:26] Hornero 4.INFO: SELECT (CASE COUNT(TABLE_NAME) WHEN 1 THEN 'SI' ELSE 'NO' END) AS existe  FROM INFORMATION_SCHEMA.TABLES WHERE TABLE_NAME = 'prueba' [] []
[2017-12-14 16:16:26] Hornero 4.INFO: SELECT apellido,nombre,id FROM prueba WHERE id = '' [] []
[2017-12-14 16:16:26] Hornero 4.INFO: SELECT (CASE COUNT(TABLE_NAME) WHEN 1 THEN 'SI' ELSE 'NO' END) AS existe  FROM INFORMATION_SCHEMA.TABLES WHERE TABLE_NAME = 'seg_log_eventos' [] []
[2017-12-14 16:16:26] Hornero 4.INFO: SELECT host,base_datos,entidad,entidad_id,new_value,old_value,usuario_id,proceso,created_at,id FROM seg_log_eventos WHERE id = '' [] []
[2017-12-14 16:16:26] Hornero 4.INFO: SELECT CASE WHEN COUNT(roles) > 0 THEN 'SI' ELSE 'NO' END AS permiso  FROM view_seguridad WHERE roles IN('ADMIN - PRUEBA - PABLO - CONSULTA','ADMIN - PRUEBA - PABLO - CONTROL TOTAL')  [] []
[2017-12-14 16:16:27] Hornero 4.INFO: Select count(*) as items FROM prueba WHERE 0=0  [] []
[2017-12-14 16:16:27] Hornero 4.INFO: SELECT * FROM (SELECT ROW_NUMBER() OVER( ORDER BY id  ) AS row, 9696999 AS cnt, apellido,nombre, id FROM prueba WHERE 0=0  ) AS sub [] []
[2017-12-14 16:16:27] Hornero 4.INFO: SELECT * FROM (SELECT ROW_NUMBER() OVER( ORDER BY id  ) AS row, 9696999 AS cnt, apellido,nombre, id FROM prueba WHERE 0=0  ) AS sub WHERE row>=0 AND row<=100 [] []
[2017-12-14 16:16:30] Hornero 4.INFO: SELECT (CASE COUNT(TABLE_NAME) WHEN 1 THEN 'SI' ELSE 'NO' END) AS existe  FROM INFORMATION_SCHEMA.TABLES WHERE TABLE_NAME = 'prueba' [] []
[2017-12-14 16:16:30] Hornero 4.INFO: SELECT apellido,nombre,id FROM prueba WHERE id = '' [] []
[2017-12-14 16:16:30] Hornero 4.INFO: SELECT (CASE COUNT(TABLE_NAME) WHEN 1 THEN 'SI' ELSE 'NO' END) AS existe  FROM INFORMATION_SCHEMA.TABLES WHERE TABLE_NAME = 'seg_log_eventos' [] []
[2017-12-14 16:16:30] Hornero 4.INFO: SELECT host,base_datos,entidad,entidad_id,new_value,old_value,usuario_id,proceso,created_at,id FROM seg_log_eventos WHERE id = '' [] []
[2017-12-14 16:16:30] Hornero 4.INFO: SELECT CASE WHEN COUNT(roles) > 0 THEN 'SI' ELSE 'NO' END AS permiso  FROM view_seguridad WHERE roles IN('ADMIN - PRUEBA - PABLO - CONSULTA','ADMIN - PRUEBA - PABLO - CONTROL TOTAL')  [] []
[2017-12-14 16:16:30] Hornero 4.INFO: SELECT * FROM prueba WHERE id=14 [] []
[2017-12-14 16:16:32] Hornero 4.INFO: SELECT (CASE COUNT(TABLE_NAME) WHEN 1 THEN 'SI' ELSE 'NO' END) AS existe  FROM INFORMATION_SCHEMA.TABLES WHERE TABLE_NAME = 'prueba' [] []
[2017-12-14 16:16:32] Hornero 4.INFO: SELECT apellido,nombre,id FROM prueba WHERE id = '' [] []
[2017-12-14 16:16:32] Hornero 4.INFO: SELECT (CASE COUNT(TABLE_NAME) WHEN 1 THEN 'SI' ELSE 'NO' END) AS existe  FROM INFORMATION_SCHEMA.TABLES WHERE TABLE_NAME = 'seg_log_eventos' [] []
[2017-12-14 16:16:32] Hornero 4.INFO: SELECT host,base_datos,entidad,entidad_id,new_value,old_value,usuario_id,proceso,created_at,id FROM seg_log_eventos WHERE id = '' [] []
[2017-12-14 16:16:32] Hornero 4.INFO: SELECT CASE WHEN COUNT(roles) > 0 THEN 'SI' ELSE 'NO' END AS permiso  FROM view_seguridad WHERE roles IN('ADMIN - PRUEBA - PABLO - MODIFICACION','ADMIN - PRUEBA - PABLO - CONTROL TOTAL')  [] []
[2017-12-14 16:16:32] Hornero 4.INFO: SELECT c.COLUMN_NAME as Field,c.DATA_TYPE + '(' + convert(varchar(10), isnull(c.CHARACTER_MAXIMUM_LENGTH, -1)) + ')' as 'Type',c.IS_NULLABLE as 'Null',isnull(LEFT(k.constraint_type, 3), '') as 'Key',c.COLUMN_DEFAULT as 'Default', case co.is_identity when 1 then 'auto_increment' else '' end as Extra FROM INFORMATION_SCHEMA.COLUMNS as c left JOIN INFORMATION_SCHEMA.CONSTRAINT_COLUMN_USAGE  as kc ON kc.COLUMN_NAME = c.COLUMN_NAME and kc.TABLE_NAME = c.TABLE_NAME left JOIN INFORMATION_SCHEMA.TABLE_CONSTRAINTS as k ON k.CONSTRAINT_NAME = kc.CONSTRAINT_NAME and k.TABLE_NAME = kc.TABLE_NAME left JOIN sys.objects as o ON o.name = c.TABLE_NAME left JOIN sys.columns as co ON o.object_id = co.object_id and co.name = c.COLUMN_NAME WHERE c.TABLE_NAME = 'prueba'  [] []
[2017-12-14 16:16:32] Hornero 4.INFO: SELECT * FROM prueba WHERE id = '14' [] []
[2017-12-14 16:16:32] Hornero 4.INFO: UPDATE prueba SET apellido = '15@gmail.com', nombre = '192.168.0.15' WHERE id = '14' [] []
[2017-12-14 16:16:32] Hornero 4.INFO: INSERT INTO seg_log_eventos(host,base_datos,entidad,entidad_id,new_value,old_value,usuario_id,proceso,created_at) VALUES('127.0.0.1','test_crud2','prueba','14','','{"id":"14","apellido":"15@gmail.com","nombre":"192.168.0.15","token":"6a5e98e08119d6bbc375cfdb928fe2bd"}','1','Actualizacion de Registro','14/12/2017 04:16:32:000') [] []
[2017-12-14 16:16:32] Hornero 4.INFO: SELECT (CASE COUNT(TABLE_NAME) WHEN 1 THEN 'SI' ELSE 'NO' END) AS existe  FROM INFORMATION_SCHEMA.TABLES WHERE TABLE_NAME = 'prueba' [] []
[2017-12-14 16:16:32] Hornero 4.INFO: SELECT apellido,nombre,id FROM prueba WHERE id = '' [] []
[2017-12-14 16:16:32] Hornero 4.INFO: SELECT (CASE COUNT(TABLE_NAME) WHEN 1 THEN 'SI' ELSE 'NO' END) AS existe  FROM INFORMATION_SCHEMA.TABLES WHERE TABLE_NAME = 'seg_log_eventos' [] []
[2017-12-14 16:16:32] Hornero 4.INFO: SELECT host,base_datos,entidad,entidad_id,new_value,old_value,usuario_id,proceso,created_at,id FROM seg_log_eventos WHERE id = '' [] []
[2017-12-14 16:16:32] Hornero 4.INFO: SELECT CASE WHEN COUNT(roles) > 0 THEN 'SI' ELSE 'NO' END AS permiso  FROM view_seguridad WHERE roles IN('ADMIN - PRUEBA - PABLO - CONSULTA','ADMIN - PRUEBA - PABLO - CONTROL TOTAL')  [] []
[2017-12-14 16:16:33] Hornero 4.INFO: SELECT (CASE COUNT(TABLE_NAME) WHEN 1 THEN 'SI' ELSE 'NO' END) AS existe  FROM INFORMATION_SCHEMA.TABLES WHERE TABLE_NAME = 'seg_usuarios' [] []
[2017-12-14 16:16:33] Hornero 4.INFO: SELECT apellidos,nombres,fech_nacimiento,usuario,clave,correo,telefono,created_usuario_id,created_at,cuenta_bloqueada,fvence_clave,ivence_clave,cambiar_clave,login_fallidos,idioma,updated_usuario_id,removed_at,updated_at,nsesion,dactive,id FROM seg_usuarios WHERE id = '' [] []
[2017-12-14 16:16:33] Hornero 4.INFO: SELECT (CASE COUNT(TABLE_NAME) WHEN 1 THEN 'SI' ELSE 'NO' END) AS existe  FROM INFORMATION_SCHEMA.TABLES WHERE TABLE_NAME = 'seg_log_eventos' [] []
[2017-12-14 16:16:33] Hornero 4.INFO: SELECT host,base_datos,entidad,entidad_id,new_value,old_value,usuario_id,proceso,created_at,id FROM seg_log_eventos WHERE id = '' [] []
[2017-12-14 16:16:33] Hornero 4.INFO: SELECT (CASE COUNT(TABLE_NAME) WHEN 1 THEN 'SI' ELSE 'NO' END) AS existe  FROM INFORMATION_SCHEMA.TABLES WHERE TABLE_NAME = 'ho_menu' [] []
[2017-12-14 16:16:33] Hornero 4.INFO: SELECT app,entidad,vista,nombre,icon_fa,targe,ho_menu_id,created_usuario_id,updated_usuario_id,created_at,updated_at,id FROM ho_menu WHERE id = '' [] []
[2017-12-14 16:16:33] Hornero 4.INFO: SELECT (CASE COUNT(TABLE_NAME) WHEN 1 THEN 'SI' ELSE 'NO' END) AS existe  FROM INFORMATION_SCHEMA.TABLES WHERE TABLE_NAME = 'seg_log_eventos' [] []
[2017-12-14 16:16:33] Hornero 4.INFO: SELECT host,base_datos,entidad,entidad_id,new_value,old_value,usuario_id,proceso,created_at,id FROM seg_log_eventos WHERE id = '' [] []
[2017-12-14 16:16:33] Hornero 4.INFO: SELECT (CASE COUNT(TABLE_NAME) WHEN 1 THEN 'SI' ELSE 'NO' END) AS existe  FROM INFORMATION_SCHEMA.TABLES WHERE TABLE_NAME = 'seg_log_eventos' [] []
[2017-12-14 16:16:33] Hornero 4.INFO: SELECT host,base_datos,entidad,entidad_id,new_value,old_value,usuario_id,proceso,created_at,id FROM seg_log_eventos WHERE id = '' [] []
[2017-12-14 16:16:33] Hornero 4.INFO: select * from view_seguridad WHERE perfil_id in(1,2,4) [] []
[2017-12-14 16:16:33] Hornero 4.INFO: select app, entidad, vista, nombre, icon_fa, targe FROM ho_menu WHERE app='ADMIN' AND entidad='EMPLEADOS' AND ho_menu_id is null; [] []
[2017-12-14 16:16:33] Hornero 4.INFO: select app, entidad, vista, nombre, icon_fa, targe FROM ho_menu WHERE app='ADMIN' AND entidad='LEGAJOS' AND ho_menu_id is null; [] []
[2017-12-14 16:16:33] Hornero 4.INFO: select app, entidad, vista, nombre, icon_fa, targe FROM ho_menu WHERE app='ADMIN' AND entidad='TIPO_ESTATUS' AND ho_menu_id is null; [] []
[2017-12-14 16:16:33] Hornero 4.INFO:  select app, entidad, vista, nombre, icon_fa, targe FROM ho_menu WHERE app='ADMIN' AND entidad='TIPO_ESTATUS' AND vista='ESTATUS' [] []
[2017-12-14 16:16:33] Hornero 4.INFO: select app, entidad, vista, nombre, icon_fa, targe FROM ho_menu WHERE app='ADMIN' AND entidad='TIPO_SERVICIO' AND ho_menu_id is null; [] []
[2017-12-14 16:16:33] Hornero 4.INFO:  select app, entidad, vista, nombre, icon_fa, targe FROM ho_menu WHERE app='ADMIN' AND entidad='TIPO_SERVICIO' AND vista='TIPO' [] []
[2017-12-14 16:16:33] Hornero 4.INFO: select app, entidad, vista, nombre, icon_fa, targe FROM ho_menu WHERE app='ADMIN' AND entidad='PRODUCTOS' AND ho_menu_id is null; [] []
[2017-12-14 16:16:33] Hornero 4.INFO:  select app, entidad, vista, nombre, icon_fa, targe FROM ho_menu WHERE app='ADMIN' AND entidad='PRODUCTOS' AND vista='PRODUCTOSS' [] []
[2017-12-14 16:16:33] Hornero 4.INFO: select app, entidad, vista, nombre, icon_fa, targe FROM ho_menu WHERE app='ADMIN' AND entidad='TIPO_ESTATUS' AND ho_menu_id is null; [] []
[2017-12-14 16:16:33] Hornero 4.INFO:  select app, entidad, vista, nombre, icon_fa, targe FROM ho_menu WHERE app='ADMIN' AND entidad='TIPO_ESTATUS' AND vista='UNIDA' [] []
[2017-12-14 16:16:33] Hornero 4.INFO: select app, entidad, vista, nombre, icon_fa, targe FROM ho_menu WHERE app='ADMIN' AND entidad='PRUEBA' AND ho_menu_id is null; [] []
[2017-12-14 16:16:33] Hornero 4.INFO:  select app, entidad, vista, nombre, icon_fa, targe FROM ho_menu WHERE app='ADMIN' AND entidad='PRUEBA' AND vista='PABLO' [] []
[2017-12-14 16:16:33] Hornero 4.INFO: select app, entidad, vista, nombre, icon_fa, targe FROM ho_menu WHERE app='ADMIN' AND entidad='PRUEBA' AND ho_menu_id is null; [] []
[2017-12-14 16:16:33] Hornero 4.INFO:  select app, entidad, vista, nombre, icon_fa, targe FROM ho_menu WHERE app='ADMIN' AND entidad='PRUEBA' AND vista='PPPP' [] []
[2017-12-14 16:16:33] Hornero 4.INFO: select app, entidad, vista, nombre, icon_fa, targe FROM ho_menu WHERE app='ADMIN' AND entidad='PRUEBA' AND ho_menu_id is null; [] []
[2017-12-14 16:16:33] Hornero 4.INFO:  select app, entidad, vista, nombre, icon_fa, targe FROM ho_menu WHERE app='ADMIN' AND entidad='PRUEBA' AND vista='GGGG' [] []
[2017-12-14 16:16:33] Hornero 4.INFO: select app, entidad, vista, nombre, icon_fa, targe FROM ho_menu WHERE app='ADMIN' AND entidad='SOCIOS' AND ho_menu_id is null; [] []
[2017-12-14 16:16:33] Hornero 4.INFO:  select app, entidad, vista, nombre, icon_fa, targe FROM ho_menu WHERE app='ADMIN' AND entidad='SOCIOS' AND vista='SOCIOS' [] []
[2017-12-14 16:16:33] Hornero 4.INFO: SELECT (CASE COUNT(TABLE_NAME) WHEN 1 THEN 'SI' ELSE 'NO' END) AS existe  FROM INFORMATION_SCHEMA.TABLES WHERE TABLE_NAME = 'prueba' [] []
[2017-12-14 16:16:33] Hornero 4.INFO: SELECT apellido,nombre,id FROM prueba WHERE id = '' [] []
[2017-12-14 16:16:33] Hornero 4.INFO: SELECT (CASE COUNT(TABLE_NAME) WHEN 1 THEN 'SI' ELSE 'NO' END) AS existe  FROM INFORMATION_SCHEMA.TABLES WHERE TABLE_NAME = 'seg_log_eventos' [] []
[2017-12-14 16:16:33] Hornero 4.INFO: SELECT host,base_datos,entidad,entidad_id,new_value,old_value,usuario_id,proceso,created_at,id FROM seg_log_eventos WHERE id = '' [] []
[2017-12-14 16:16:33] Hornero 4.INFO: SELECT CASE WHEN COUNT(roles) > 0 THEN 'SI' ELSE 'NO' END AS permiso  FROM view_seguridad WHERE roles IN('ADMIN - PRUEBA - PABLO - CONSULTA','ADMIN - PRUEBA - PABLO - CONTROL TOTAL')  [] []
[2017-12-14 16:16:33] Hornero 4.INFO: Select count(*) as items FROM prueba WHERE 0=0  [] []
[2017-12-14 16:16:33] Hornero 4.INFO: SELECT * FROM (SELECT ROW_NUMBER() OVER( ORDER BY id  ) AS row, 9696999 AS cnt, apellido,nombre, id FROM prueba WHERE 0=0  ) AS sub [] []
[2017-12-14 16:16:33] Hornero 4.INFO: SELECT * FROM (SELECT ROW_NUMBER() OVER( ORDER BY id  ) AS row, 9696999 AS cnt, apellido,nombre, id FROM prueba WHERE 0=0  ) AS sub WHERE row>=0 AND row<=100 [] []
[2017-12-14 16:16:34] Hornero 4.INFO: SELECT (CASE COUNT(TABLE_NAME) WHEN 1 THEN 'SI' ELSE 'NO' END) AS existe  FROM INFORMATION_SCHEMA.TABLES WHERE TABLE_NAME = 'prueba' [] []
[2017-12-14 16:16:34] Hornero 4.INFO: SELECT apellido,nombre,id FROM prueba WHERE id = '' [] []
[2017-12-14 16:16:34] Hornero 4.INFO: SELECT (CASE COUNT(TABLE_NAME) WHEN 1 THEN 'SI' ELSE 'NO' END) AS existe  FROM INFORMATION_SCHEMA.TABLES WHERE TABLE_NAME = 'seg_log_eventos' [] []
[2017-12-14 16:16:34] Hornero 4.INFO: SELECT host,base_datos,entidad,entidad_id,new_value,old_value,usuario_id,proceso,created_at,id FROM seg_log_eventos WHERE id = '' [] []
[2017-12-14 16:16:34] Hornero 4.INFO: SELECT CASE WHEN COUNT(roles) > 0 THEN 'SI' ELSE 'NO' END AS permiso  FROM view_seguridad WHERE roles IN('ADMIN - PRUEBA - PABLO - CONSULTA','ADMIN - PRUEBA - PABLO - CONTROL TOTAL')  [] []
[2017-12-14 16:16:34] Hornero 4.INFO: SELECT * FROM prueba WHERE id=11 [] []
[2017-12-14 16:16:44] Hornero 4.INFO: SELECT (CASE COUNT(TABLE_NAME) WHEN 1 THEN 'SI' ELSE 'NO' END) AS existe  FROM INFORMATION_SCHEMA.TABLES WHERE TABLE_NAME = 'prueba' [] []
[2017-12-14 16:16:44] Hornero 4.INFO: SELECT apellido,nombre,id FROM prueba WHERE id = '' [] []
[2017-12-14 16:16:44] Hornero 4.INFO: SELECT (CASE COUNT(TABLE_NAME) WHEN 1 THEN 'SI' ELSE 'NO' END) AS existe  FROM INFORMATION_SCHEMA.TABLES WHERE TABLE_NAME = 'seg_log_eventos' [] []
[2017-12-14 16:16:44] Hornero 4.INFO: SELECT host,base_datos,entidad,entidad_id,new_value,old_value,usuario_id,proceso,created_at,id FROM seg_log_eventos WHERE id = '' [] []
[2017-12-14 16:16:44] Hornero 4.INFO: SELECT CASE WHEN COUNT(roles) > 0 THEN 'SI' ELSE 'NO' END AS permiso  FROM view_seguridad WHERE roles IN('ADMIN - PRUEBA - PABLO - MODIFICACION','ADMIN - PRUEBA - PABLO - CONTROL TOTAL')  [] []
[2017-12-14 16:16:44] Hornero 4.INFO: SELECT c.COLUMN_NAME as Field,c.DATA_TYPE + '(' + convert(varchar(10), isnull(c.CHARACTER_MAXIMUM_LENGTH, -1)) + ')' as 'Type',c.IS_NULLABLE as 'Null',isnull(LEFT(k.constraint_type, 3), '') as 'Key',c.COLUMN_DEFAULT as 'Default', case co.is_identity when 1 then 'auto_increment' else '' end as Extra FROM INFORMATION_SCHEMA.COLUMNS as c left JOIN INFORMATION_SCHEMA.CONSTRAINT_COLUMN_USAGE  as kc ON kc.COLUMN_NAME = c.COLUMN_NAME and kc.TABLE_NAME = c.TABLE_NAME left JOIN INFORMATION_SCHEMA.TABLE_CONSTRAINTS as k ON k.CONSTRAINT_NAME = kc.CONSTRAINT_NAME and k.TABLE_NAME = kc.TABLE_NAME left JOIN sys.objects as o ON o.name = c.TABLE_NAME left JOIN sys.columns as co ON o.object_id = co.object_id and co.name = c.COLUMN_NAME WHERE c.TABLE_NAME = 'prueba'  [] []
[2017-12-14 16:16:44] Hornero 4.INFO: SELECT * FROM prueba WHERE id = '11' [] []
[2017-12-14 16:16:44] Hornero 4.INFO: UPDATE prueba SET apellido = '12@gmail.com', nombre = '192.168.0.12' WHERE id = '11' [] []
[2017-12-14 16:16:44] Hornero 4.INFO: INSERT INTO seg_log_eventos(host,base_datos,entidad,entidad_id,new_value,old_value,usuario_id,proceso,created_at) VALUES('127.0.0.1','test_crud2','prueba','11','','{"id":"11","apellido":"12@gmail.com","nombre":"192.168.0.12","token":"6a5e98e08119d6bbc375cfdb928fe2bd"}','1','Actualizacion de Registro','14/12/2017 04:16:44:000') [] []
[2017-12-14 16:16:45] Hornero 4.INFO: SELECT (CASE COUNT(TABLE_NAME) WHEN 1 THEN 'SI' ELSE 'NO' END) AS existe  FROM INFORMATION_SCHEMA.TABLES WHERE TABLE_NAME = 'prueba' [] []
[2017-12-14 16:16:45] Hornero 4.INFO: SELECT apellido,nombre,id FROM prueba WHERE id = '' [] []
[2017-12-14 16:16:45] Hornero 4.INFO: SELECT (CASE COUNT(TABLE_NAME) WHEN 1 THEN 'SI' ELSE 'NO' END) AS existe  FROM INFORMATION_SCHEMA.TABLES WHERE TABLE_NAME = 'seg_log_eventos' [] []
[2017-12-14 16:16:45] Hornero 4.INFO: SELECT host,base_datos,entidad,entidad_id,new_value,old_value,usuario_id,proceso,created_at,id FROM seg_log_eventos WHERE id = '' [] []
[2017-12-14 16:16:45] Hornero 4.INFO: SELECT CASE WHEN COUNT(roles) > 0 THEN 'SI' ELSE 'NO' END AS permiso  FROM view_seguridad WHERE roles IN('ADMIN - PRUEBA - PABLO - CONSULTA','ADMIN - PRUEBA - PABLO - CONTROL TOTAL')  [] []
[2017-12-14 16:16:45] Hornero 4.INFO: SELECT (CASE COUNT(TABLE_NAME) WHEN 1 THEN 'SI' ELSE 'NO' END) AS existe  FROM INFORMATION_SCHEMA.TABLES WHERE TABLE_NAME = 'seg_usuarios' [] []
[2017-12-14 16:16:45] Hornero 4.INFO: SELECT apellidos,nombres,fech_nacimiento,usuario,clave,correo,telefono,created_usuario_id,created_at,cuenta_bloqueada,fvence_clave,ivence_clave,cambiar_clave,login_fallidos,idioma,updated_usuario_id,removed_at,updated_at,nsesion,dactive,id FROM seg_usuarios WHERE id = '' [] []
[2017-12-14 16:16:45] Hornero 4.INFO: SELECT (CASE COUNT(TABLE_NAME) WHEN 1 THEN 'SI' ELSE 'NO' END) AS existe  FROM INFORMATION_SCHEMA.TABLES WHERE TABLE_NAME = 'seg_log_eventos' [] []
[2017-12-14 16:16:45] Hornero 4.INFO: SELECT host,base_datos,entidad,entidad_id,new_value,old_value,usuario_id,proceso,created_at,id FROM seg_log_eventos WHERE id = '' [] []
[2017-12-14 16:16:45] Hornero 4.INFO: SELECT (CASE COUNT(TABLE_NAME) WHEN 1 THEN 'SI' ELSE 'NO' END) AS existe  FROM INFORMATION_SCHEMA.TABLES WHERE TABLE_NAME = 'ho_menu' [] []
[2017-12-14 16:16:45] Hornero 4.INFO: SELECT app,entidad,vista,nombre,icon_fa,targe,ho_menu_id,created_usuario_id,updated_usuario_id,created_at,updated_at,id FROM ho_menu WHERE id = '' [] []
[2017-12-14 16:16:45] Hornero 4.INFO: SELECT (CASE COUNT(TABLE_NAME) WHEN 1 THEN 'SI' ELSE 'NO' END) AS existe  FROM INFORMATION_SCHEMA.TABLES WHERE TABLE_NAME = 'seg_log_eventos' [] []
[2017-12-14 16:16:45] Hornero 4.INFO: SELECT host,base_datos,entidad,entidad_id,new_value,old_value,usuario_id,proceso,created_at,id FROM seg_log_eventos WHERE id = '' [] []
[2017-12-14 16:16:45] Hornero 4.INFO: SELECT (CASE COUNT(TABLE_NAME) WHEN 1 THEN 'SI' ELSE 'NO' END) AS existe  FROM INFORMATION_SCHEMA.TABLES WHERE TABLE_NAME = 'seg_log_eventos' [] []
[2017-12-14 16:16:45] Hornero 4.INFO: SELECT host,base_datos,entidad,entidad_id,new_value,old_value,usuario_id,proceso,created_at,id FROM seg_log_eventos WHERE id = '' [] []
[2017-12-14 16:16:45] Hornero 4.INFO: select * from view_seguridad WHERE perfil_id in(1,2,4) [] []
[2017-12-14 16:16:45] Hornero 4.INFO: select app, entidad, vista, nombre, icon_fa, targe FROM ho_menu WHERE app='ADMIN' AND entidad='EMPLEADOS' AND ho_menu_id is null; [] []
[2017-12-14 16:16:45] Hornero 4.INFO: select app, entidad, vista, nombre, icon_fa, targe FROM ho_menu WHERE app='ADMIN' AND entidad='LEGAJOS' AND ho_menu_id is null; [] []
[2017-12-14 16:16:45] Hornero 4.INFO: select app, entidad, vista, nombre, icon_fa, targe FROM ho_menu WHERE app='ADMIN' AND entidad='TIPO_ESTATUS' AND ho_menu_id is null; [] []
[2017-12-14 16:16:45] Hornero 4.INFO:  select app, entidad, vista, nombre, icon_fa, targe FROM ho_menu WHERE app='ADMIN' AND entidad='TIPO_ESTATUS' AND vista='ESTATUS' [] []
[2017-12-14 16:16:45] Hornero 4.INFO: select app, entidad, vista, nombre, icon_fa, targe FROM ho_menu WHERE app='ADMIN' AND entidad='TIPO_SERVICIO' AND ho_menu_id is null; [] []
[2017-12-14 16:16:45] Hornero 4.INFO:  select app, entidad, vista, nombre, icon_fa, targe FROM ho_menu WHERE app='ADMIN' AND entidad='TIPO_SERVICIO' AND vista='TIPO' [] []
[2017-12-14 16:16:45] Hornero 4.INFO: select app, entidad, vista, nombre, icon_fa, targe FROM ho_menu WHERE app='ADMIN' AND entidad='PRODUCTOS' AND ho_menu_id is null; [] []
[2017-12-14 16:16:45] Hornero 4.INFO:  select app, entidad, vista, nombre, icon_fa, targe FROM ho_menu WHERE app='ADMIN' AND entidad='PRODUCTOS' AND vista='PRODUCTOSS' [] []
[2017-12-14 16:16:45] Hornero 4.INFO: select app, entidad, vista, nombre, icon_fa, targe FROM ho_menu WHERE app='ADMIN' AND entidad='TIPO_ESTATUS' AND ho_menu_id is null; [] []
[2017-12-14 16:16:45] Hornero 4.INFO:  select app, entidad, vista, nombre, icon_fa, targe FROM ho_menu WHERE app='ADMIN' AND entidad='TIPO_ESTATUS' AND vista='UNIDA' [] []
[2017-12-14 16:16:45] Hornero 4.INFO: select app, entidad, vista, nombre, icon_fa, targe FROM ho_menu WHERE app='ADMIN' AND entidad='PRUEBA' AND ho_menu_id is null; [] []
[2017-12-14 16:16:45] Hornero 4.INFO:  select app, entidad, vista, nombre, icon_fa, targe FROM ho_menu WHERE app='ADMIN' AND entidad='PRUEBA' AND vista='PABLO' [] []
[2017-12-14 16:16:45] Hornero 4.INFO: select app, entidad, vista, nombre, icon_fa, targe FROM ho_menu WHERE app='ADMIN' AND entidad='PRUEBA' AND ho_menu_id is null; [] []
[2017-12-14 16:16:45] Hornero 4.INFO:  select app, entidad, vista, nombre, icon_fa, targe FROM ho_menu WHERE app='ADMIN' AND entidad='PRUEBA' AND vista='PPPP' [] []
[2017-12-14 16:16:45] Hornero 4.INFO: select app, entidad, vista, nombre, icon_fa, targe FROM ho_menu WHERE app='ADMIN' AND entidad='PRUEBA' AND ho_menu_id is null; [] []
[2017-12-14 16:16:45] Hornero 4.INFO:  select app, entidad, vista, nombre, icon_fa, targe FROM ho_menu WHERE app='ADMIN' AND entidad='PRUEBA' AND vista='GGGG' [] []
[2017-12-14 16:16:45] Hornero 4.INFO: select app, entidad, vista, nombre, icon_fa, targe FROM ho_menu WHERE app='ADMIN' AND entidad='SOCIOS' AND ho_menu_id is null; [] []
[2017-12-14 16:16:45] Hornero 4.INFO:  select app, entidad, vista, nombre, icon_fa, targe FROM ho_menu WHERE app='ADMIN' AND entidad='SOCIOS' AND vista='SOCIOS' [] []
[2017-12-14 16:16:45] Hornero 4.INFO: SELECT (CASE COUNT(TABLE_NAME) WHEN 1 THEN 'SI' ELSE 'NO' END) AS existe  FROM INFORMATION_SCHEMA.TABLES WHERE TABLE_NAME = 'prueba' [] []
[2017-12-14 16:16:45] Hornero 4.INFO: SELECT apellido,nombre,id FROM prueba WHERE id = '' [] []
[2017-12-14 16:16:45] Hornero 4.INFO: SELECT (CASE COUNT(TABLE_NAME) WHEN 1 THEN 'SI' ELSE 'NO' END) AS existe  FROM INFORMATION_SCHEMA.TABLES WHERE TABLE_NAME = 'seg_log_eventos' [] []
[2017-12-14 16:16:45] Hornero 4.INFO: SELECT host,base_datos,entidad,entidad_id,new_value,old_value,usuario_id,proceso,created_at,id FROM seg_log_eventos WHERE id = '' [] []
[2017-12-14 16:16:45] Hornero 4.INFO: SELECT CASE WHEN COUNT(roles) > 0 THEN 'SI' ELSE 'NO' END AS permiso  FROM view_seguridad WHERE roles IN('ADMIN - PRUEBA - PABLO - CONSULTA','ADMIN - PRUEBA - PABLO - CONTROL TOTAL')  [] []
[2017-12-14 16:16:46] Hornero 4.INFO: Select count(*) as items FROM prueba WHERE 0=0  [] []
[2017-12-14 16:16:46] Hornero 4.INFO: SELECT * FROM (SELECT ROW_NUMBER() OVER( ORDER BY id  ) AS row, 9696999 AS cnt, apellido,nombre, id FROM prueba WHERE 0=0  ) AS sub [] []
[2017-12-14 16:16:46] Hornero 4.INFO: SELECT * FROM (SELECT ROW_NUMBER() OVER( ORDER BY id  ) AS row, 9696999 AS cnt, apellido,nombre, id FROM prueba WHERE 0=0  ) AS sub WHERE row>=0 AND row<=100 [] []
