[2017-12-10 19:31:46] Hornero 4.INFO: SELECT (CASE COUNT(TABLE_NAME) WHEN 1 THEN 'SI' ELSE 'NO' END) AS existe  FROM INFORMATION_SCHEMA.TABLES WHERE TABLE_NAME = 'seg_log_eventos' [] []
[2017-12-10 19:31:46] Hornero 4.INFO: SELECT host,base_datos,entidad,entidad_id,new_value,old_value,usuario_id,proceso,created_at,id FROM seg_log_eventos WHERE id = '' [] []
[2017-12-10 19:31:46] Hornero 4.INFO: SELECT (CASE COUNT(TABLE_NAME) WHEN 1 THEN 'SI' ELSE 'NO' END) AS existe  FROM INFORMATION_SCHEMA.TABLES WHERE TABLE_NAME = 'prueba' [] []
[2017-12-10 19:31:46] Hornero 4.INFO: SELECT apellido,nombre,id FROM prueba WHERE id = '' [] []
[2017-12-10 19:31:46] Hornero 4.INFO: SELECT CASE WHEN COUNT(roles) > 0 THEN 'SI' ELSE 'NO' END AS permiso  FROM view_seguridad WHERE roles IN('ADMIN - PRUEBA - PPPP - CONSULTA','ADMIN - PRUEBA - PPPP - CONTROL TOTAL')  [] []
[2017-12-10 19:31:47] Hornero 4.INFO: SELECT (CASE COUNT(TABLE_NAME) WHEN 1 THEN 'SI' ELSE 'NO' END) AS existe  FROM INFORMATION_SCHEMA.TABLES WHERE TABLE_NAME = 'seg_log_eventos' [] []
[2017-12-10 19:31:47] Hornero 4.INFO: SELECT host,base_datos,entidad,entidad_id,new_value,old_value,usuario_id,proceso,created_at,id FROM seg_log_eventos WHERE id = '' [] []
[2017-12-10 19:31:47] Hornero 4.INFO: SELECT (CASE COUNT(TABLE_NAME) WHEN 1 THEN 'SI' ELSE 'NO' END) AS existe  FROM INFORMATION_SCHEMA.TABLES WHERE TABLE_NAME = 'tipo_servicio' [] []
[2017-12-10 19:31:47] Hornero 4.INFO: SELECT descripcion,id FROM tipo_servicio WHERE id = '' [] []
[2017-12-10 19:31:47] Hornero 4.INFO: SELECT CASE WHEN COUNT(roles) > 0 THEN 'SI' ELSE 'NO' END AS permiso  FROM view_seguridad WHERE roles IN('ADMIN - TIPO_SERVICIO - TIPO - CONSULTA','ADMIN - TIPO_SERVICIO - TIPO - CONTROL TOTAL')  [] []
[2017-12-10 19:32:00] Hornero 4.INFO: SELECT (CASE COUNT(TABLE_NAME) WHEN 1 THEN 'SI' ELSE 'NO' END) AS existe  FROM INFORMATION_SCHEMA.TABLES WHERE TABLE_NAME = 'seg_usuarios' [] []
[2017-12-10 19:32:00] Hornero 4.INFO: SELECT apellidos,nombres,fech_nacimiento,usuario,clave,correo,telefono,created_usuario_id,created_at,cuenta_bloqueada,fvence_clave,ivence_clave,cambiar_clave,login_fallidos,idioma,updated_usuario_id,removed_at,updated_at,nsesion,dactive,id FROM seg_usuarios WHERE id = '' [] []
[2017-12-10 19:32:00] Hornero 4.INFO: SELECT (CASE COUNT(TABLE_NAME) WHEN 1 THEN 'SI' ELSE 'NO' END) AS existe  FROM INFORMATION_SCHEMA.TABLES WHERE TABLE_NAME = 'seg_log_eventos' [] []
[2017-12-10 19:32:00] Hornero 4.INFO: SELECT host,base_datos,entidad,entidad_id,new_value,old_value,usuario_id,proceso,created_at,id FROM seg_log_eventos WHERE id = '' [] []
[2017-12-10 19:32:00] Hornero 4.INFO: SELECT (CASE COUNT(TABLE_NAME) WHEN 1 THEN 'SI' ELSE 'NO' END) AS existe  FROM INFORMATION_SCHEMA.TABLES WHERE TABLE_NAME = 'ho_menu' [] []
[2017-12-10 19:32:00] Hornero 4.INFO: SELECT app,entidad,vista,nombre,icon_fa,targe,ho_menu_id,created_usuario_id,updated_usuario_id,created_at,updated_at,id FROM ho_menu WHERE id = '' [] []
[2017-12-10 19:32:00] Hornero 4.INFO: SELECT (CASE COUNT(TABLE_NAME) WHEN 1 THEN 'SI' ELSE 'NO' END) AS existe  FROM INFORMATION_SCHEMA.TABLES WHERE TABLE_NAME = 'seg_log_eventos' [] []
[2017-12-10 19:32:00] Hornero 4.INFO: SELECT host,base_datos,entidad,entidad_id,new_value,old_value,usuario_id,proceso,created_at,id FROM seg_log_eventos WHERE id = '' [] []
[2017-12-10 19:32:00] Hornero 4.INFO: SELECT (CASE COUNT(TABLE_NAME) WHEN 1 THEN 'SI' ELSE 'NO' END) AS existe  FROM INFORMATION_SCHEMA.TABLES WHERE TABLE_NAME = 'seg_log_eventos' [] []
[2017-12-10 19:32:00] Hornero 4.INFO: SELECT host,base_datos,entidad,entidad_id,new_value,old_value,usuario_id,proceso,created_at,id FROM seg_log_eventos WHERE id = '' [] []
[2017-12-10 19:32:00] Hornero 4.INFO: select * from view_seguridad WHERE perfil_id in(1,2,4) [] []
[2017-12-10 19:32:00] Hornero 4.INFO: select app, entidad, vista, nombre, icon_fa, targe FROM ho_menu WHERE app='ADMIN' AND entidad='EMPLEADOS' AND ho_menu_id is null; [] []
[2017-12-10 19:32:00] Hornero 4.INFO: select app, entidad, vista, nombre, icon_fa, targe FROM ho_menu WHERE app='ADMIN' AND entidad='LEGAJOS' AND ho_menu_id is null; [] []
[2017-12-10 19:32:01] Hornero 4.INFO: select app, entidad, vista, nombre, icon_fa, targe FROM ho_menu WHERE app='ADMIN' AND entidad='TIPO_ESTATUS' AND ho_menu_id is null; [] []
[2017-12-10 19:32:01] Hornero 4.INFO:  select app, entidad, vista, nombre, icon_fa, targe FROM ho_menu WHERE app='ADMIN' AND entidad='TIPO_ESTATUS' AND vista='ESTATUS' [] []
[2017-12-10 19:32:01] Hornero 4.INFO: select app, entidad, vista, nombre, icon_fa, targe FROM ho_menu WHERE app='ADMIN' AND entidad='TIPO_SERVICIO' AND ho_menu_id is null; [] []
[2017-12-10 19:32:01] Hornero 4.INFO:  select app, entidad, vista, nombre, icon_fa, targe FROM ho_menu WHERE app='ADMIN' AND entidad='TIPO_SERVICIO' AND vista='TIPO' [] []
[2017-12-10 19:32:01] Hornero 4.INFO: select app, entidad, vista, nombre, icon_fa, targe FROM ho_menu WHERE app='ADMIN' AND entidad='PRODUCTOS' AND ho_menu_id is null; [] []
[2017-12-10 19:32:01] Hornero 4.INFO:  select app, entidad, vista, nombre, icon_fa, targe FROM ho_menu WHERE app='ADMIN' AND entidad='PRODUCTOS' AND vista='PRODUCTOSS' [] []
[2017-12-10 19:32:01] Hornero 4.INFO: select app, entidad, vista, nombre, icon_fa, targe FROM ho_menu WHERE app='ADMIN' AND entidad='TIPO_ESTATUS' AND ho_menu_id is null; [] []
[2017-12-10 19:32:01] Hornero 4.INFO:  select app, entidad, vista, nombre, icon_fa, targe FROM ho_menu WHERE app='ADMIN' AND entidad='TIPO_ESTATUS' AND vista='UNIDA' [] []
[2017-12-10 19:32:01] Hornero 4.INFO: select app, entidad, vista, nombre, icon_fa, targe FROM ho_menu WHERE app='ADMIN' AND entidad='PRUEBA' AND ho_menu_id is null; [] []
[2017-12-10 19:32:01] Hornero 4.INFO:  select app, entidad, vista, nombre, icon_fa, targe FROM ho_menu WHERE app='ADMIN' AND entidad='PRUEBA' AND vista='PABLO' [] []
[2017-12-10 19:32:01] Hornero 4.INFO: select app, entidad, vista, nombre, icon_fa, targe FROM ho_menu WHERE app='ADMIN' AND entidad='PRUEBA' AND ho_menu_id is null; [] []
[2017-12-10 19:32:01] Hornero 4.INFO:  select app, entidad, vista, nombre, icon_fa, targe FROM ho_menu WHERE app='ADMIN' AND entidad='PRUEBA' AND vista='PPPP' [] []
[2017-12-10 19:32:01] Hornero 4.INFO: select app, entidad, vista, nombre, icon_fa, targe FROM ho_menu WHERE app='ADMIN' AND entidad='PRUEBA' AND ho_menu_id is null; [] []
[2017-12-10 19:32:01] Hornero 4.INFO:  select app, entidad, vista, nombre, icon_fa, targe FROM ho_menu WHERE app='ADMIN' AND entidad='PRUEBA' AND vista='GGGG' [] []
[2017-12-10 19:32:01] Hornero 4.INFO: select app, entidad, vista, nombre, icon_fa, targe FROM ho_menu WHERE app='ADMIN' AND entidad='SOCIOS' AND ho_menu_id is null; [] []
[2017-12-10 19:32:01] Hornero 4.INFO:  select app, entidad, vista, nombre, icon_fa, targe FROM ho_menu WHERE app='ADMIN' AND entidad='SOCIOS' AND vista='SOCIOS' [] []
[2017-12-10 19:32:01] Hornero 4.INFO: SELECT (CASE COUNT(TABLE_NAME) WHEN 1 THEN 'SI' ELSE 'NO' END) AS existe  FROM INFORMATION_SCHEMA.TABLES WHERE TABLE_NAME = 'seg_usuarios' [] []
[2017-12-10 19:32:01] Hornero 4.INFO: SELECT apellidos,nombres,fech_nacimiento,usuario,clave,correo,telefono,created_usuario_id,created_at,cuenta_bloqueada,fvence_clave,ivence_clave,cambiar_clave,login_fallidos,idioma,updated_usuario_id,removed_at,updated_at,nsesion,dactive,id FROM seg_usuarios WHERE id = '' [] []
[2017-12-10 19:32:01] Hornero 4.INFO: SELECT (CASE COUNT(TABLE_NAME) WHEN 1 THEN 'SI' ELSE 'NO' END) AS existe  FROM INFORMATION_SCHEMA.TABLES WHERE TABLE_NAME = 'seg_log_eventos' [] []
[2017-12-10 19:32:01] Hornero 4.INFO: SELECT host,base_datos,entidad,entidad_id,new_value,old_value,usuario_id,proceso,created_at,id FROM seg_log_eventos WHERE id = '' [] []
[2017-12-10 19:32:01] Hornero 4.INFO: SELECT (CASE COUNT(TABLE_NAME) WHEN 1 THEN 'SI' ELSE 'NO' END) AS existe  FROM INFORMATION_SCHEMA.TABLES WHERE TABLE_NAME = 'ho_menu' [] []
[2017-12-10 19:32:01] Hornero 4.INFO: SELECT app,entidad,vista,nombre,icon_fa,targe,ho_menu_id,created_usuario_id,updated_usuario_id,created_at,updated_at,id FROM ho_menu WHERE id = '' [] []
[2017-12-10 19:32:01] Hornero 4.INFO: SELECT (CASE COUNT(TABLE_NAME) WHEN 1 THEN 'SI' ELSE 'NO' END) AS existe  FROM INFORMATION_SCHEMA.TABLES WHERE TABLE_NAME = 'seg_log_eventos' [] []
[2017-12-10 19:32:01] Hornero 4.INFO: SELECT host,base_datos,entidad,entidad_id,new_value,old_value,usuario_id,proceso,created_at,id FROM seg_log_eventos WHERE id = '' [] []
[2017-12-10 19:32:01] Hornero 4.INFO: SELECT (CASE COUNT(TABLE_NAME) WHEN 1 THEN 'SI' ELSE 'NO' END) AS existe  FROM INFORMATION_SCHEMA.TABLES WHERE TABLE_NAME = 'seg_log_eventos' [] []
[2017-12-10 19:32:01] Hornero 4.INFO: SELECT host,base_datos,entidad,entidad_id,new_value,old_value,usuario_id,proceso,created_at,id FROM seg_log_eventos WHERE id = '' [] []
[2017-12-10 19:32:01] Hornero 4.INFO: select * from view_seguridad WHERE perfil_id in(1,2,4) [] []
[2017-12-10 19:32:01] Hornero 4.INFO: select app, entidad, vista, nombre, icon_fa, targe FROM ho_menu WHERE app='ADMIN' AND entidad='EMPLEADOS' AND ho_menu_id is null; [] []
[2017-12-10 19:32:01] Hornero 4.INFO: select app, entidad, vista, nombre, icon_fa, targe FROM ho_menu WHERE app='ADMIN' AND entidad='LEGAJOS' AND ho_menu_id is null; [] []
[2017-12-10 19:32:01] Hornero 4.INFO: select app, entidad, vista, nombre, icon_fa, targe FROM ho_menu WHERE app='ADMIN' AND entidad='TIPO_ESTATUS' AND ho_menu_id is null; [] []
[2017-12-10 19:32:01] Hornero 4.INFO:  select app, entidad, vista, nombre, icon_fa, targe FROM ho_menu WHERE app='ADMIN' AND entidad='TIPO_ESTATUS' AND vista='ESTATUS' [] []
[2017-12-10 19:32:01] Hornero 4.INFO: select app, entidad, vista, nombre, icon_fa, targe FROM ho_menu WHERE app='ADMIN' AND entidad='TIPO_SERVICIO' AND ho_menu_id is null; [] []
[2017-12-10 19:32:01] Hornero 4.INFO:  select app, entidad, vista, nombre, icon_fa, targe FROM ho_menu WHERE app='ADMIN' AND entidad='TIPO_SERVICIO' AND vista='TIPO' [] []
[2017-12-10 19:32:01] Hornero 4.INFO: select app, entidad, vista, nombre, icon_fa, targe FROM ho_menu WHERE app='ADMIN' AND entidad='PRODUCTOS' AND ho_menu_id is null; [] []
[2017-12-10 19:32:01] Hornero 4.INFO:  select app, entidad, vista, nombre, icon_fa, targe FROM ho_menu WHERE app='ADMIN' AND entidad='PRODUCTOS' AND vista='PRODUCTOSS' [] []
[2017-12-10 19:32:01] Hornero 4.INFO: select app, entidad, vista, nombre, icon_fa, targe FROM ho_menu WHERE app='ADMIN' AND entidad='TIPO_ESTATUS' AND ho_menu_id is null; [] []
[2017-12-10 19:32:01] Hornero 4.INFO:  select app, entidad, vista, nombre, icon_fa, targe FROM ho_menu WHERE app='ADMIN' AND entidad='TIPO_ESTATUS' AND vista='UNIDA' [] []
[2017-12-10 19:32:01] Hornero 4.INFO: select app, entidad, vista, nombre, icon_fa, targe FROM ho_menu WHERE app='ADMIN' AND entidad='PRUEBA' AND ho_menu_id is null; [] []
[2017-12-10 19:32:01] Hornero 4.INFO:  select app, entidad, vista, nombre, icon_fa, targe FROM ho_menu WHERE app='ADMIN' AND entidad='PRUEBA' AND vista='PABLO' [] []
[2017-12-10 19:32:01] Hornero 4.INFO: select app, entidad, vista, nombre, icon_fa, targe FROM ho_menu WHERE app='ADMIN' AND entidad='PRUEBA' AND ho_menu_id is null; [] []
[2017-12-10 19:32:01] Hornero 4.INFO:  select app, entidad, vista, nombre, icon_fa, targe FROM ho_menu WHERE app='ADMIN' AND entidad='PRUEBA' AND vista='PPPP' [] []
[2017-12-10 19:32:01] Hornero 4.INFO: select app, entidad, vista, nombre, icon_fa, targe FROM ho_menu WHERE app='ADMIN' AND entidad='PRUEBA' AND ho_menu_id is null; [] []
[2017-12-10 19:32:01] Hornero 4.INFO:  select app, entidad, vista, nombre, icon_fa, targe FROM ho_menu WHERE app='ADMIN' AND entidad='PRUEBA' AND vista='GGGG' [] []
[2017-12-10 19:32:01] Hornero 4.INFO: select app, entidad, vista, nombre, icon_fa, targe FROM ho_menu WHERE app='ADMIN' AND entidad='SOCIOS' AND ho_menu_id is null; [] []
[2017-12-10 19:32:01] Hornero 4.INFO:  select app, entidad, vista, nombre, icon_fa, targe FROM ho_menu WHERE app='ADMIN' AND entidad='SOCIOS' AND vista='SOCIOS' [] []
